[debug] [2025-02-06T14:34:22.866Z] ----------------------------------------------------------------------
[debug] [2025-02-06T14:34:22.867Z] Command:       /Users/samzack/.nvm/versions/node/v23.4.0/bin/node /Users/samzack/.nvm/versions/node/v23.4.0/bin/firebase deploy --only functions
[debug] [2025-02-06T14:34:22.868Z] CLI Version:   13.29.2
[debug] [2025-02-06T14:34:22.868Z] Platform:      darwin
[debug] [2025-02-06T14:34:22.868Z] Node Version:  v23.4.0
[debug] [2025-02-06T14:34:22.868Z] Time:          Thu Feb 06 2025 09:34:22 GMT-0500 (Eastern Standard Time)
[debug] [2025-02-06T14:34:22.868Z] ----------------------------------------------------------------------
[debug] 
[debug] [2025-02-06T14:34:22.945Z] > command requires scopes: ["email","openid","https://www.googleapis.com/auth/cloudplatformprojects.readonly","https://www.googleapis.com/auth/firebase","https://www.googleapis.com/auth/cloud-platform"]
[debug] [2025-02-06T14:34:22.945Z] > authorizing via signed-in user (samtzack25@gmail.com)
[debug] [2025-02-06T14:34:22.946Z] [iam] checking project house-points-app-e7c49 for permissions ["cloudfunctions.functions.create","cloudfunctions.functions.delete","cloudfunctions.functions.get","cloudfunctions.functions.list","cloudfunctions.functions.update","cloudfunctions.operations.get","firebase.projects.get"]
[debug] [2025-02-06T14:34:22.946Z] Checked if tokens are valid: true, expires at: 1738854473328
[debug] [2025-02-06T14:34:22.946Z] Checked if tokens are valid: true, expires at: 1738854473328
[debug] [2025-02-06T14:34:22.946Z] >>> [apiv2][query] POST https://cloudresourcemanager.googleapis.com/v1/projects/house-points-app-e7c49:testIamPermissions [none]
[debug] [2025-02-06T14:34:22.946Z] >>> [apiv2][(partial)header] POST https://cloudresourcemanager.googleapis.com/v1/projects/house-points-app-e7c49:testIamPermissions x-goog-quota-user=projects/house-points-app-e7c49
[debug] [2025-02-06T14:34:22.946Z] >>> [apiv2][body] POST https://cloudresourcemanager.googleapis.com/v1/projects/house-points-app-e7c49:testIamPermissions {"permissions":["cloudfunctions.functions.create","cloudfunctions.functions.delete","cloudfunctions.functions.get","cloudfunctions.functions.list","cloudfunctions.functions.update","cloudfunctions.operations.get","firebase.projects.get"]}
[debug] [2025-02-06T14:34:23.083Z] <<< [apiv2][status] POST https://cloudresourcemanager.googleapis.com/v1/projects/house-points-app-e7c49:testIamPermissions 200
[debug] [2025-02-06T14:34:23.083Z] <<< [apiv2][body] POST https://cloudresourcemanager.googleapis.com/v1/projects/house-points-app-e7c49:testIamPermissions {"permissions":["cloudfunctions.functions.create","cloudfunctions.functions.delete","cloudfunctions.functions.get","cloudfunctions.functions.list","cloudfunctions.functions.update","cloudfunctions.operations.get","firebase.projects.get"]}
[debug] [2025-02-06T14:34:23.083Z] Checked if tokens are valid: true, expires at: 1738854473328
[debug] [2025-02-06T14:34:23.083Z] Checked if tokens are valid: true, expires at: 1738854473328
[debug] [2025-02-06T14:34:23.083Z] >>> [apiv2][query] POST https://iam.googleapis.com/v1/projects/house-points-app-e7c49/serviceAccounts/house-points-app-e7c49@appspot.gserviceaccount.com:testIamPermissions [none]
[debug] [2025-02-06T14:34:23.083Z] >>> [apiv2][body] POST https://iam.googleapis.com/v1/projects/house-points-app-e7c49/serviceAccounts/house-points-app-e7c49@appspot.gserviceaccount.com:testIamPermissions {"permissions":["iam.serviceAccounts.actAs"]}
[debug] [2025-02-06T14:34:23.264Z] <<< [apiv2][status] POST https://iam.googleapis.com/v1/projects/house-points-app-e7c49/serviceAccounts/house-points-app-e7c49@appspot.gserviceaccount.com:testIamPermissions 404
[debug] [2025-02-06T14:34:23.265Z] <<< [apiv2][body] POST https://iam.googleapis.com/v1/projects/house-points-app-e7c49/serviceAccounts/house-points-app-e7c49@appspot.gserviceaccount.com:testIamPermissions {"error":{"code":404,"message":"Unknown service account","status":"NOT_FOUND"}}
[debug] [2025-02-06T14:34:23.265Z] [functions] service account IAM check errored, deploy may fail: Request to https://iam.googleapis.com/v1/projects/house-points-app-e7c49/serviceAccounts/house-points-app-e7c49@appspot.gserviceaccount.com:testIamPermissions had HTTP Error: 404, Unknown service account {"name":"FirebaseError","children":[],"context":{"body":{"error":{"code":404,"message":"Unknown service account","status":"NOT_FOUND"}},"response":{"statusCode":404}},"exit":1,"message":"Request to https://iam.googleapis.com/v1/projects/house-points-app-e7c49/serviceAccounts/house-points-app-e7c49@appspot.gserviceaccount.com:testIamPermissions had HTTP Error: 404, Unknown service account","status":404}
[info] 
[info] === Deploying to 'house-points-app-e7c49'...
[info] 
[info] i  deploying functions 
[info] Running command: npm --prefix "$RESOURCE_DIR" run lint
[info] Running command: npm --prefix "$RESOURCE_DIR" run build
[info] ✔  functions: Finished running predeploy script. 
[debug] [2025-02-06T14:34:28.574Z] Checked if tokens are valid: true, expires at: 1738854473328
[debug] [2025-02-06T14:34:28.574Z] Checked if tokens are valid: true, expires at: 1738854473328
[debug] [2025-02-06T14:34:28.574Z] >>> [apiv2][query] GET https://cloudresourcemanager.googleapis.com/v1/projects/house-points-app-e7c49 [none]
[debug] [2025-02-06T14:34:28.792Z] <<< [apiv2][status] GET https://cloudresourcemanager.googleapis.com/v1/projects/house-points-app-e7c49 200
[debug] [2025-02-06T14:34:28.792Z] <<< [apiv2][body] GET https://cloudresourcemanager.googleapis.com/v1/projects/house-points-app-e7c49 {"projectNumber":"495897903470","projectId":"house-points-app-e7c49","lifecycleState":"ACTIVE","name":"house-points-app","labels":{"firebase":"enabled"},"createTime":"2024-10-25T16:26:06.217010Z"}
[info] i  functions: preparing codebase default for deployment 
[info] i  functions: ensuring required API cloudfunctions.googleapis.com is enabled... 
[debug] [2025-02-06T14:34:28.795Z] Checked if tokens are valid: true, expires at: 1738854473328
[debug] [2025-02-06T14:34:28.795Z] Checked if tokens are valid: true, expires at: 1738854473328
[debug] [2025-02-06T14:34:28.795Z] Checked if tokens are valid: true, expires at: 1738854473328
[debug] [2025-02-06T14:34:28.796Z] Checked if tokens are valid: true, expires at: 1738854473328
[info] i  functions: ensuring required API cloudbuild.googleapis.com is enabled... 
[debug] [2025-02-06T14:34:28.796Z] Checked if tokens are valid: true, expires at: 1738854473328
[debug] [2025-02-06T14:34:28.796Z] Checked if tokens are valid: true, expires at: 1738854473328
[info] i  artifactregistry: ensuring required API artifactregistry.googleapis.com is enabled... 
[debug] [2025-02-06T14:34:28.796Z] Checked if tokens are valid: true, expires at: 1738854473328
[debug] [2025-02-06T14:34:28.796Z] Checked if tokens are valid: true, expires at: 1738854473328
[debug] [2025-02-06T14:34:28.797Z] >>> [apiv2][query] GET https://serviceusage.googleapis.com/v1/projects/house-points-app-e7c49/services/cloudfunctions.googleapis.com [none]
[debug] [2025-02-06T14:34:28.797Z] >>> [apiv2][(partial)header] GET https://serviceusage.googleapis.com/v1/projects/house-points-app-e7c49/services/cloudfunctions.googleapis.com x-goog-quota-user=projects/house-points-app-e7c49
[debug] [2025-02-06T14:34:28.799Z] >>> [apiv2][query] GET https://serviceusage.googleapis.com/v1/projects/house-points-app-e7c49/services/runtimeconfig.googleapis.com [none]
[debug] [2025-02-06T14:34:28.799Z] >>> [apiv2][(partial)header] GET https://serviceusage.googleapis.com/v1/projects/house-points-app-e7c49/services/runtimeconfig.googleapis.com x-goog-quota-user=projects/house-points-app-e7c49
[debug] [2025-02-06T14:34:28.801Z] >>> [apiv2][query] GET https://serviceusage.googleapis.com/v1/projects/house-points-app-e7c49/services/cloudbuild.googleapis.com [none]
[debug] [2025-02-06T14:34:28.801Z] >>> [apiv2][(partial)header] GET https://serviceusage.googleapis.com/v1/projects/house-points-app-e7c49/services/cloudbuild.googleapis.com x-goog-quota-user=projects/house-points-app-e7c49
[debug] [2025-02-06T14:34:28.803Z] >>> [apiv2][query] GET https://serviceusage.googleapis.com/v1/projects/house-points-app-e7c49/services/artifactregistry.googleapis.com [none]
[debug] [2025-02-06T14:34:28.803Z] >>> [apiv2][(partial)header] GET https://serviceusage.googleapis.com/v1/projects/house-points-app-e7c49/services/artifactregistry.googleapis.com x-goog-quota-user=projects/house-points-app-e7c49
[debug] [2025-02-06T14:34:29.391Z] <<< [apiv2][status] GET https://serviceusage.googleapis.com/v1/projects/house-points-app-e7c49/services/cloudbuild.googleapis.com 200
[debug] [2025-02-06T14:34:29.391Z] <<< [apiv2][body] GET https://serviceusage.googleapis.com/v1/projects/house-points-app-e7c49/services/cloudbuild.googleapis.com [omitted]
[info] ✔  functions: required API cloudbuild.googleapis.com is enabled 
[debug] [2025-02-06T14:34:29.392Z] <<< [apiv2][status] GET https://serviceusage.googleapis.com/v1/projects/house-points-app-e7c49/services/runtimeconfig.googleapis.com 200
[debug] [2025-02-06T14:34:29.393Z] <<< [apiv2][body] GET https://serviceusage.googleapis.com/v1/projects/house-points-app-e7c49/services/runtimeconfig.googleapis.com [omitted]
[debug] [2025-02-06T14:34:29.438Z] <<< [apiv2][status] GET https://serviceusage.googleapis.com/v1/projects/house-points-app-e7c49/services/artifactregistry.googleapis.com 200
[debug] [2025-02-06T14:34:29.439Z] <<< [apiv2][body] GET https://serviceusage.googleapis.com/v1/projects/house-points-app-e7c49/services/artifactregistry.googleapis.com [omitted]
[info] ✔  artifactregistry: required API artifactregistry.googleapis.com is enabled 
[debug] [2025-02-06T14:34:29.441Z] <<< [apiv2][status] GET https://serviceusage.googleapis.com/v1/projects/house-points-app-e7c49/services/cloudfunctions.googleapis.com 200
[debug] [2025-02-06T14:34:29.441Z] <<< [apiv2][body] GET https://serviceusage.googleapis.com/v1/projects/house-points-app-e7c49/services/cloudfunctions.googleapis.com [omitted]
[info] ✔  functions: required API cloudfunctions.googleapis.com is enabled 
[debug] [2025-02-06T14:34:29.441Z] Checked if tokens are valid: true, expires at: 1738854473328
[debug] [2025-02-06T14:34:29.441Z] Checked if tokens are valid: true, expires at: 1738854473328
[debug] [2025-02-06T14:34:29.442Z] >>> [apiv2][query] GET https://firebase.googleapis.com/v1beta1/projects/house-points-app-e7c49/adminSdkConfig [none]
[debug] [2025-02-06T14:34:29.923Z] <<< [apiv2][status] GET https://firebase.googleapis.com/v1beta1/projects/house-points-app-e7c49/adminSdkConfig 200
[debug] [2025-02-06T14:34:29.923Z] <<< [apiv2][body] GET https://firebase.googleapis.com/v1beta1/projects/house-points-app-e7c49/adminSdkConfig {"projectId":"house-points-app-e7c49","storageBucket":"house-points-app-e7c49.firebasestorage.app"}
[debug] [2025-02-06T14:34:29.924Z] Checked if tokens are valid: true, expires at: 1738854473328
[debug] [2025-02-06T14:34:29.924Z] Checked if tokens are valid: true, expires at: 1738854473328
[debug] [2025-02-06T14:34:29.924Z] >>> [apiv2][query] GET https://runtimeconfig.googleapis.com/v1beta1/projects/house-points-app-e7c49/configs [none]
[debug] [2025-02-06T14:34:30.206Z] <<< [apiv2][status] GET https://runtimeconfig.googleapis.com/v1beta1/projects/house-points-app-e7c49/configs 200
[debug] [2025-02-06T14:34:30.206Z] <<< [apiv2][body] GET https://runtimeconfig.googleapis.com/v1beta1/projects/house-points-app-e7c49/configs {}
[debug] [2025-02-06T14:34:30.210Z] Validating nodejs source
[debug] [2025-02-06T14:34:31.179Z] > [functions] package.json contents: {
  "name": "functions",
  "scripts": {
    "lint": "eslint --fix --ext .js,.ts .",
    "build": "tsc",
    "build:watch": "tsc --watch",
    "serve": "npm run build && firebase emulators:start --only functions",
    "shell": "npm run build && firebase functions:shell",
    "start": "npm run shell",
    "deploy": "firebase deploy --only functions",
    "logs": "firebase functions:log"
  },
  "engines": {
    "node": "22"
  },
  "main": "lib/index.js",
  "dependencies": {
    "@google-cloud/storage": "^7.15.0",
    "firebase-admin": "^12.6.0",
    "firebase-functions": "^6.3.1"
  },
  "devDependencies": {
    "@typescript-eslint/eslint-plugin": "^5.12.0",
    "@typescript-eslint/parser": "^5.12.0",
    "eslint": "^8.9.0",
    "eslint-config-google": "^0.14.0",
    "eslint-plugin-import": "^2.25.4",
    "firebase-functions-test": "^3.1.0",
    "typescript": "^5.7.3"
  },
  "private": true
}
[debug] [2025-02-06T14:34:31.180Z] Building nodejs source
[info] i  functions: Loading and analyzing source code for codebase default to determine what to deploy 
[debug] [2025-02-06T14:34:31.181Z] Could not find functions.yaml. Must use http discovery
[debug] [2025-02-06T14:34:31.188Z] Found firebase-functions binary at '/Users/samzack/Desktop/Projects/cgps-houses/functions/node_modules/.bin/firebase-functions'
[info] Serving at port 8166

[debug] [2025-02-06T14:34:31.547Z] Got response from /__/functions.yaml {"endpoints":{"setLeaderboards":{"availableMemoryMb":null,"timeoutSeconds":null,"minInstances":null,"maxInstances":null,"ingressSettings":null,"concurrency":null,"serviceAccountEmail":null,"vpc":null,"platform":"gcfv2","labels":{},"scheduleTrigger":{"schedule":"every sunday 23:59","retryConfig":{"retryCount":null,"maxDoublings":null,"maxRetrySeconds":null,"minBackoffSeconds":null,"maxBackoffSeconds":null},"timeZone":null},"entryPoint":"setLeaderboards"}},"specVersion":"v1alpha1","requiredAPIs":[{"api":"cloudscheduler.googleapis.com","reason":"Needed for scheduled functions."}],"extensions":{}}
[info] i  extensions: ensuring required API firebaseextensions.googleapis.com is enabled... 
[debug] [2025-02-06T14:34:35.568Z] Checked if tokens are valid: true, expires at: 1738854473328
[debug] [2025-02-06T14:34:35.568Z] Checked if tokens are valid: true, expires at: 1738854473328
[debug] [2025-02-06T14:34:35.568Z] >>> [apiv2][query] GET https://serviceusage.googleapis.com/v1/projects/house-points-app-e7c49/services/firebaseextensions.googleapis.com [none]
[debug] [2025-02-06T14:34:35.569Z] >>> [apiv2][(partial)header] GET https://serviceusage.googleapis.com/v1/projects/house-points-app-e7c49/services/firebaseextensions.googleapis.com x-goog-quota-user=projects/house-points-app-e7c49
[debug] [2025-02-06T14:34:36.023Z] <<< [apiv2][status] GET https://serviceusage.googleapis.com/v1/projects/house-points-app-e7c49/services/firebaseextensions.googleapis.com 200
[debug] [2025-02-06T14:34:36.024Z] <<< [apiv2][body] GET https://serviceusage.googleapis.com/v1/projects/house-points-app-e7c49/services/firebaseextensions.googleapis.com [omitted]
[info] ✔  extensions: required API firebaseextensions.googleapis.com is enabled 
[debug] [2025-02-06T14:34:36.024Z] > command requires scopes: ["email","openid","https://www.googleapis.com/auth/cloudplatformprojects.readonly","https://www.googleapis.com/auth/firebase","https://www.googleapis.com/auth/cloud-platform"]
[debug] [2025-02-06T14:34:36.024Z] > authorizing via signed-in user (samtzack25@gmail.com)
[debug] [2025-02-06T14:34:36.024Z] [iam] checking project house-points-app-e7c49 for permissions ["firebase.projects.get","firebaseextensions.instances.list"]
[debug] [2025-02-06T14:34:36.024Z] Checked if tokens are valid: true, expires at: 1738854473328
[debug] [2025-02-06T14:34:36.025Z] Checked if tokens are valid: true, expires at: 1738854473328
[debug] [2025-02-06T14:34:36.025Z] >>> [apiv2][query] POST https://cloudresourcemanager.googleapis.com/v1/projects/house-points-app-e7c49:testIamPermissions [none]
[debug] [2025-02-06T14:34:36.025Z] >>> [apiv2][(partial)header] POST https://cloudresourcemanager.googleapis.com/v1/projects/house-points-app-e7c49:testIamPermissions x-goog-quota-user=projects/house-points-app-e7c49
[debug] [2025-02-06T14:34:36.025Z] >>> [apiv2][body] POST https://cloudresourcemanager.googleapis.com/v1/projects/house-points-app-e7c49:testIamPermissions {"permissions":["firebase.projects.get","firebaseextensions.instances.list"]}
[debug] [2025-02-06T14:34:36.163Z] <<< [apiv2][status] POST https://cloudresourcemanager.googleapis.com/v1/projects/house-points-app-e7c49:testIamPermissions 200
[debug] [2025-02-06T14:34:36.163Z] <<< [apiv2][body] POST https://cloudresourcemanager.googleapis.com/v1/projects/house-points-app-e7c49:testIamPermissions {"permissions":["firebase.projects.get","firebaseextensions.instances.list"]}
[debug] [2025-02-06T14:34:36.163Z] Checked if tokens are valid: true, expires at: 1738854473328
[debug] [2025-02-06T14:34:36.163Z] Checked if tokens are valid: true, expires at: 1738854473328
[debug] [2025-02-06T14:34:36.164Z] >>> [apiv2][query] GET https://firebaseextensions.googleapis.com/v1beta/projects/house-points-app-e7c49/instances pageSize=100&pageToken=
[debug] [2025-02-06T14:34:36.510Z] <<< [apiv2][status] GET https://firebaseextensions.googleapis.com/v1beta/projects/house-points-app-e7c49/instances 200
[debug] [2025-02-06T14:34:36.510Z] <<< [apiv2][body] GET https://firebaseextensions.googleapis.com/v1beta/projects/house-points-app-e7c49/instances {}
[info] i  functions: preparing functions directory for uploading... 
[info] i  functions: packaged /Users/samzack/Desktop/Projects/cgps-houses/functions (89.6 KB) for uploading 
[debug] [2025-02-06T14:34:36.553Z] Checked if tokens are valid: true, expires at: 1738854473328
[debug] [2025-02-06T14:34:36.553Z] Checked if tokens are valid: true, expires at: 1738854473328
[debug] [2025-02-06T14:34:36.553Z] >>> [apiv2][query] GET https://cloudfunctions.googleapis.com/v1/projects/house-points-app-e7c49/locations/-/functions [none]
[debug] [2025-02-06T14:34:37.072Z] <<< [apiv2][status] GET https://cloudfunctions.googleapis.com/v1/projects/house-points-app-e7c49/locations/-/functions 200
[debug] [2025-02-06T14:34:37.072Z] <<< [apiv2][body] GET https://cloudfunctions.googleapis.com/v1/projects/house-points-app-e7c49/locations/-/functions {}
[debug] [2025-02-06T14:34:37.073Z] Checked if tokens are valid: true, expires at: 1738854473328
[debug] [2025-02-06T14:34:37.073Z] Checked if tokens are valid: true, expires at: 1738854473328
[debug] [2025-02-06T14:34:37.073Z] >>> [apiv2][query] GET https://cloudfunctions.googleapis.com/v2/projects/house-points-app-e7c49/locations/-/functions filter=environment%3D%22GEN_2%22
[debug] [2025-02-06T14:34:37.532Z] <<< [apiv2][status] GET https://cloudfunctions.googleapis.com/v2/projects/house-points-app-e7c49/locations/-/functions 200
[debug] [2025-02-06T14:34:37.532Z] <<< [apiv2][body] GET https://cloudfunctions.googleapis.com/v2/projects/house-points-app-e7c49/locations/-/functions {"functions":[{"name":"projects/house-points-app-e7c49/locations/us-central1/functions/setLeaderboards","buildConfig":{"build":"projects/495897903470/locations/us-central1/builds/60c21292-8a0f-46c9-9fb2-68ea098fca75","runtime":"nodejs22","entryPoint":"setLeaderboards","source":{"storageSource":{"bucket":"gcf-v2-sources-495897903470-us-central1","object":"setLeaderboards/function-source.zip","generation":"1738851946134344"}},"environmentVariables":{"GOOGLE_NODE_RUN_SCRIPTS":""},"dockerRepository":"projects/house-points-app-e7c49/locations/us-central1/repositories/gcf-artifacts","sourceProvenance":{"resolvedStorageSource":{"bucket":"gcf-v2-sources-495897903470-us-central1","object":"setLeaderboards/function-source.zip","generation":"1738851946134344"}},"dockerRegistry":"ARTIFACT_REGISTRY","serviceAccount":"projects/house-points-app-e7c49/serviceAccounts/495897903470-compute@developer.gserviceaccount.com","automaticUpdatePolicy":{}},"serviceConfig":{"service":"projects/house-points-app-e7c49/locations/us-central1/services/setleaderboards","timeoutSeconds":60,"environmentVariables":{"FIREBASE_CONFIG":"{\"projectId\":\"house-points-app-e7c49\",\"storageBucket\":\"house-points-app-e7c49.firebasestorage.app\"}","GCLOUD_PROJECT":"house-points-app-e7c49","EVENTARC_CLOUD_EVENT_SOURCE":"projects/house-points-app-e7c49/locations/us-central1/services/setLeaderboards","FUNCTION_TARGET":"setLeaderboards","LOG_EXECUTION_ID":"true"},"maxInstanceCount":100,"ingressSettings":"ALLOW_ALL","uri":"https://setleaderboards-obtxzasrxq-uc.a.run.app","serviceAccountEmail":"495897903470-compute@developer.gserviceaccount.com","availableMemory":"256Mi","allTrafficOnLatestRevision":true,"revision":"setleaderboards-00009-daq","maxInstanceRequestConcurrency":80,"availableCpu":"1"},"state":"ACTIVE","updateTime":"2025-02-06T14:26:51.776457950Z","labels":{"deployment-tool":"cli-firebase","deployment-scheduled":"true","firebase-functions-hash":"2c016551ead3be5181a327b2ca8f276e01bcd751"},"environment":"GEN_2","url":"https://us-central1-house-points-app-e7c49.cloudfunctions.net/setLeaderboards","createTime":"2025-02-05T17:52:13.286013260Z","satisfiesPzi":true}]}
[info] i  functions: ensuring required API cloudscheduler.googleapis.com is enabled... 
[debug] [2025-02-06T14:34:37.535Z] Checked if tokens are valid: true, expires at: 1738854473328
[debug] [2025-02-06T14:34:37.535Z] Checked if tokens are valid: true, expires at: 1738854473328
[debug] [2025-02-06T14:34:37.535Z] >>> [apiv2][query] GET https://serviceusage.googleapis.com/v1/projects/house-points-app-e7c49/services/cloudscheduler.googleapis.com [none]
[debug] [2025-02-06T14:34:37.536Z] >>> [apiv2][(partial)header] GET https://serviceusage.googleapis.com/v1/projects/house-points-app-e7c49/services/cloudscheduler.googleapis.com x-goog-quota-user=projects/house-points-app-e7c49
[debug] [2025-02-06T14:34:37.793Z] <<< [apiv2][status] GET https://serviceusage.googleapis.com/v1/projects/house-points-app-e7c49/services/cloudscheduler.googleapis.com 200
[debug] [2025-02-06T14:34:37.794Z] <<< [apiv2][body] GET https://serviceusage.googleapis.com/v1/projects/house-points-app-e7c49/services/cloudscheduler.googleapis.com [omitted]
[info] ✔  functions: required API cloudscheduler.googleapis.com is enabled 
[info] i  functions: ensuring required API run.googleapis.com is enabled... 
[debug] [2025-02-06T14:34:37.795Z] Checked if tokens are valid: true, expires at: 1738854473328
[debug] [2025-02-06T14:34:37.795Z] Checked if tokens are valid: true, expires at: 1738854473328
[info] i  functions: ensuring required API eventarc.googleapis.com is enabled... 
[debug] [2025-02-06T14:34:37.795Z] Checked if tokens are valid: true, expires at: 1738854473328
[debug] [2025-02-06T14:34:37.795Z] Checked if tokens are valid: true, expires at: 1738854473328
[info] i  functions: ensuring required API pubsub.googleapis.com is enabled... 
[debug] [2025-02-06T14:34:37.795Z] Checked if tokens are valid: true, expires at: 1738854473328
[debug] [2025-02-06T14:34:37.795Z] Checked if tokens are valid: true, expires at: 1738854473328
[info] i  functions: ensuring required API storage.googleapis.com is enabled... 
[debug] [2025-02-06T14:34:37.796Z] Checked if tokens are valid: true, expires at: 1738854473328
[debug] [2025-02-06T14:34:37.796Z] Checked if tokens are valid: true, expires at: 1738854473328
[debug] [2025-02-06T14:34:37.796Z] >>> [apiv2][query] GET https://serviceusage.googleapis.com/v1/projects/house-points-app-e7c49/services/run.googleapis.com [none]
[debug] [2025-02-06T14:34:37.796Z] >>> [apiv2][(partial)header] GET https://serviceusage.googleapis.com/v1/projects/house-points-app-e7c49/services/run.googleapis.com x-goog-quota-user=projects/house-points-app-e7c49
[debug] [2025-02-06T14:34:37.797Z] >>> [apiv2][query] GET https://serviceusage.googleapis.com/v1/projects/house-points-app-e7c49/services/eventarc.googleapis.com [none]
[debug] [2025-02-06T14:34:37.797Z] >>> [apiv2][(partial)header] GET https://serviceusage.googleapis.com/v1/projects/house-points-app-e7c49/services/eventarc.googleapis.com x-goog-quota-user=projects/house-points-app-e7c49
[debug] [2025-02-06T14:34:37.799Z] >>> [apiv2][query] GET https://serviceusage.googleapis.com/v1/projects/house-points-app-e7c49/services/pubsub.googleapis.com [none]
[debug] [2025-02-06T14:34:37.799Z] >>> [apiv2][(partial)header] GET https://serviceusage.googleapis.com/v1/projects/house-points-app-e7c49/services/pubsub.googleapis.com x-goog-quota-user=projects/house-points-app-e7c49
[debug] [2025-02-06T14:34:37.801Z] >>> [apiv2][query] GET https://serviceusage.googleapis.com/v1/projects/house-points-app-e7c49/services/storage.googleapis.com [none]
[debug] [2025-02-06T14:34:37.801Z] >>> [apiv2][(partial)header] GET https://serviceusage.googleapis.com/v1/projects/house-points-app-e7c49/services/storage.googleapis.com x-goog-quota-user=projects/house-points-app-e7c49
[debug] [2025-02-06T14:34:38.179Z] <<< [apiv2][status] GET https://serviceusage.googleapis.com/v1/projects/house-points-app-e7c49/services/run.googleapis.com 200
[debug] [2025-02-06T14:34:38.179Z] <<< [apiv2][body] GET https://serviceusage.googleapis.com/v1/projects/house-points-app-e7c49/services/run.googleapis.com [omitted]
[info] ✔  functions: required API run.googleapis.com is enabled 
[debug] [2025-02-06T14:34:38.287Z] <<< [apiv2][status] GET https://serviceusage.googleapis.com/v1/projects/house-points-app-e7c49/services/eventarc.googleapis.com 200
[debug] [2025-02-06T14:34:38.288Z] <<< [apiv2][body] GET https://serviceusage.googleapis.com/v1/projects/house-points-app-e7c49/services/eventarc.googleapis.com [omitted]
[info] ✔  functions: required API eventarc.googleapis.com is enabled 
[debug] [2025-02-06T14:34:38.347Z] <<< [apiv2][status] GET https://serviceusage.googleapis.com/v1/projects/house-points-app-e7c49/services/storage.googleapis.com 200
[debug] [2025-02-06T14:34:38.348Z] <<< [apiv2][body] GET https://serviceusage.googleapis.com/v1/projects/house-points-app-e7c49/services/storage.googleapis.com [omitted]
[info] ✔  functions: required API storage.googleapis.com is enabled 
[debug] [2025-02-06T14:34:38.349Z] <<< [apiv2][status] GET https://serviceusage.googleapis.com/v1/projects/house-points-app-e7c49/services/pubsub.googleapis.com 200
[debug] [2025-02-06T14:34:38.349Z] <<< [apiv2][body] GET https://serviceusage.googleapis.com/v1/projects/house-points-app-e7c49/services/pubsub.googleapis.com [omitted]
[info] ✔  functions: required API pubsub.googleapis.com is enabled 
[info] i  functions: generating the service identity for pubsub.googleapis.com... 
[debug] [2025-02-06T14:34:38.350Z] Checked if tokens are valid: true, expires at: 1738854473328
[debug] [2025-02-06T14:34:38.350Z] Checked if tokens are valid: true, expires at: 1738854473328
[info] i  functions: generating the service identity for eventarc.googleapis.com... 
[debug] [2025-02-06T14:34:38.350Z] Checked if tokens are valid: true, expires at: 1738854473328
[debug] [2025-02-06T14:34:38.350Z] Checked if tokens are valid: true, expires at: 1738854473328
[debug] [2025-02-06T14:34:38.350Z] >>> [apiv2][query] POST https://serviceusage.googleapis.com/v1beta1/projects/495897903470/services/pubsub.googleapis.com:generateServiceIdentity [none]
[debug] [2025-02-06T14:34:38.351Z] >>> [apiv2][query] POST https://serviceusage.googleapis.com/v1beta1/projects/495897903470/services/eventarc.googleapis.com:generateServiceIdentity [none]
[debug] [2025-02-06T14:34:38.599Z] <<< [apiv2][status] POST https://serviceusage.googleapis.com/v1beta1/projects/495897903470/services/eventarc.googleapis.com:generateServiceIdentity 200
[debug] [2025-02-06T14:34:38.599Z] <<< [apiv2][body] POST https://serviceusage.googleapis.com/v1beta1/projects/495897903470/services/eventarc.googleapis.com:generateServiceIdentity {"name":"operations/finished.DONE_OPERATION","done":true,"response":{"@type":"type.googleapis.com/google.api.serviceusage.v1beta1.ServiceIdentity","email":"service-495897903470@gcp-sa-eventarc.iam.gserviceaccount.com","uniqueId":"115237654516313485410"}}
[debug] [2025-02-06T14:34:38.698Z] <<< [apiv2][status] POST https://serviceusage.googleapis.com/v1beta1/projects/495897903470/services/pubsub.googleapis.com:generateServiceIdentity 200
[debug] [2025-02-06T14:34:38.699Z] <<< [apiv2][body] POST https://serviceusage.googleapis.com/v1beta1/projects/495897903470/services/pubsub.googleapis.com:generateServiceIdentity {"name":"operations/finished.DONE_OPERATION","done":true,"response":{"@type":"type.googleapis.com/google.api.serviceusage.v1beta1.ServiceIdentity","email":"service-495897903470@gcp-sa-pubsub.iam.gserviceaccount.com","uniqueId":"103927750049232144286"}}
[debug] [2025-02-06T14:34:38.702Z] Checked if tokens are valid: true, expires at: 1738854473328
[debug] [2025-02-06T14:34:38.702Z] Checked if tokens are valid: true, expires at: 1738854473328
[debug] [2025-02-06T14:34:38.702Z] >>> [apiv2][query] GET https://cloudresourcemanager.googleapis.com/v1/projects/house-points-app-e7c49 [none]
[debug] [2025-02-06T14:34:38.784Z] <<< [apiv2][status] GET https://cloudresourcemanager.googleapis.com/v1/projects/house-points-app-e7c49 200
[debug] [2025-02-06T14:34:38.785Z] <<< [apiv2][body] GET https://cloudresourcemanager.googleapis.com/v1/projects/house-points-app-e7c49 {"projectNumber":"495897903470","projectId":"house-points-app-e7c49","lifecycleState":"ACTIVE","name":"house-points-app","labels":{"firebase":"enabled"},"createTime":"2024-10-25T16:26:06.217010Z"}
[debug] [2025-02-06T14:34:38.787Z] Checked if tokens are valid: true, expires at: 1738854473328
[debug] [2025-02-06T14:34:38.787Z] Checked if tokens are valid: true, expires at: 1738854473328
[debug] [2025-02-06T14:34:38.788Z] >>> [apiv2][query] GET https://cloudbilling.googleapis.com/v1/projects/house-points-app-e7c49/billingInfo [none]
[debug] [2025-02-06T14:34:39.027Z] <<< [apiv2][status] GET https://cloudbilling.googleapis.com/v1/projects/house-points-app-e7c49/billingInfo 200
[debug] [2025-02-06T14:34:39.027Z] <<< [apiv2][body] GET https://cloudbilling.googleapis.com/v1/projects/house-points-app-e7c49/billingInfo {"name":"projects/house-points-app-e7c49/billingInfo","projectId":"house-points-app-e7c49","billingAccountName":"billingAccounts/013ED0-44AD72-7FCE76","billingEnabled":true}
[debug] [2025-02-06T14:34:39.030Z] Checked if tokens are valid: true, expires at: 1738854473328
[debug] [2025-02-06T14:34:39.030Z] Checked if tokens are valid: true, expires at: 1738854473328
[debug] [2025-02-06T14:34:39.030Z] >>> [apiv2][query] POST https://cloudfunctions.googleapis.com/v2/projects/house-points-app-e7c49/locations/us-central1/functions:generateUploadUrl [none]
[debug] [2025-02-06T14:34:39.300Z] <<< [apiv2][status] POST https://cloudfunctions.googleapis.com/v2/projects/house-points-app-e7c49/locations/us-central1/functions:generateUploadUrl 200
[debug] [2025-02-06T14:34:39.300Z] <<< [apiv2][body] POST https://cloudfunctions.googleapis.com/v2/projects/house-points-app-e7c49/locations/us-central1/functions:generateUploadUrl {"uploadUrl":"https://storage.googleapis.com/gcf-v2-uploads-495897903470.us-central1.cloudfunctions.appspot.com/46a18d41-11bb-4c30-9d20-96d86c66429f.zip?GoogleAccessId=service-495897903470@gcf-admin-robot.iam.gserviceaccount.com&Expires=1738854279&Signature=j%2BTgh0bo5b6DbObfexrKUlmC0TPFJf%2Buz4bclQZsm2hXKac3h1%2B7sWmbvJsHBWtP2cFhBdSNFyUoIHgVeRrVUIf2uuMxBO0zas3OrUJlNdB2%2FV5FaLKe8pKFqPlRR6AKDB3kLbSPIVxLzDIRB7i3bsS23W70Un%2FcH9XmVBI%2BNwNEsXMpZYm4FUXOjLOYgJCJUawAN%2BbJFLFl6Xf17a6j25md%2Btlid53HnbHTVTOKzAMaCLhBHPxi7SKpaUjay6Me%2B1eK686%2FbK09Z0r1ZCH3TGfEdsVGHUsTH%2BldCaj9NaNGIcbiEtORBTTC48jv4BSRk0aD62Ue3Q1XtF2lqWlx7A%3D%3D","storageSource":{"bucket":"gcf-v2-uploads-495897903470.us-central1.cloudfunctions.appspot.com","object":"46a18d41-11bb-4c30-9d20-96d86c66429f.zip"}}
[debug] [2025-02-06T14:34:39.302Z] >>> [apiv2][query] PUT https://storage.googleapis.com/gcf-v2-uploads-495897903470.us-central1.cloudfunctions.appspot.com/46a18d41-11bb-4c30-9d20-96d86c66429f.zip GoogleAccessId=service-495897903470%40gcf-admin-robot.iam.gserviceaccount.com&Expires=1738854279&Signature=j%2BTgh0bo5b6DbObfexrKUlmC0TPFJf%2Buz4bclQZsm2hXKac3h1%2B7sWmbvJsHBWtP2cFhBdSNFyUoIHgVeRrVUIf2uuMxBO0zas3OrUJlNdB2%2FV5FaLKe8pKFqPlRR6AKDB3kLbSPIVxLzDIRB7i3bsS23W70Un%2FcH9XmVBI%2BNwNEsXMpZYm4FUXOjLOYgJCJUawAN%2BbJFLFl6Xf17a6j25md%2Btlid53HnbHTVTOKzAMaCLhBHPxi7SKpaUjay6Me%2B1eK686%2FbK09Z0r1ZCH3TGfEdsVGHUsTH%2BldCaj9NaNGIcbiEtORBTTC48jv4BSRk0aD62Ue3Q1XtF2lqWlx7A%3D%3D
[debug] [2025-02-06T14:34:39.302Z] >>> [apiv2][body] PUT https://storage.googleapis.com/gcf-v2-uploads-495897903470.us-central1.cloudfunctions.appspot.com/46a18d41-11bb-4c30-9d20-96d86c66429f.zip [stream]
[debug] [2025-02-06T14:34:39.597Z] <<< [apiv2][status] PUT https://storage.googleapis.com/gcf-v2-uploads-495897903470.us-central1.cloudfunctions.appspot.com/46a18d41-11bb-4c30-9d20-96d86c66429f.zip 200
[debug] [2025-02-06T14:34:39.597Z] <<< [apiv2][body] PUT https://storage.googleapis.com/gcf-v2-uploads-495897903470.us-central1.cloudfunctions.appspot.com/46a18d41-11bb-4c30-9d20-96d86c66429f.zip [omitted]
[info] ✔  functions: functions folder uploaded successfully 
[info] i  functions: updating Node.js 22 (2nd Gen) function setLeaderboards(us-central1)... 
[debug] [2025-02-06T14:34:39.601Z] Checked if tokens are valid: true, expires at: 1738854473328
[debug] [2025-02-06T14:34:39.601Z] Checked if tokens are valid: true, expires at: 1738854473328
[debug] [2025-02-06T14:34:39.601Z] >>> [apiv2][query] PATCH https://cloudfunctions.googleapis.com/v2/projects/house-points-app-e7c49/locations/us-central1/functions/setLeaderboards updateMask=name%2CbuildConfig.runtime%2CbuildConfig.entryPoint%2CbuildConfig.source.storageSource.bucket%2CbuildConfig.source.storageSource.object%2CbuildConfig.environmentVariables%2CbuildConfig.sourceToken%2CserviceConfig.environmentVariables%2CserviceConfig.ingressSettings%2CserviceConfig.timeoutSeconds%2CserviceConfig.serviceAccountEmail%2CserviceConfig.availableMemory%2CserviceConfig.minInstanceCount%2CserviceConfig.maxInstanceCount%2CserviceConfig.maxInstanceRequestConcurrency%2CserviceConfig.availableCpu%2CserviceConfig.vpcConnector%2CserviceConfig.vpcConnectorEgressSettings%2Clabels%2CbuildConfig.buildEnvironmentVariables
[debug] [2025-02-06T14:34:39.601Z] >>> [apiv2][body] PATCH https://cloudfunctions.googleapis.com/v2/projects/house-points-app-e7c49/locations/us-central1/functions/setLeaderboards {"name":"projects/house-points-app-e7c49/locations/us-central1/functions/setLeaderboards","buildConfig":{"runtime":"nodejs22","entryPoint":"setLeaderboards","source":{"storageSource":{"bucket":"gcf-v2-uploads-495897903470.us-central1.cloudfunctions.appspot.com","object":"46a18d41-11bb-4c30-9d20-96d86c66429f.zip"}},"environmentVariables":{"GOOGLE_NODE_RUN_SCRIPTS":""}},"serviceConfig":{"environmentVariables":{"FIREBASE_CONFIG":"{\"projectId\":\"house-points-app-e7c49\",\"storageBucket\":\"house-points-app-e7c49.firebasestorage.app\"}","GCLOUD_PROJECT":"house-points-app-e7c49","EVENTARC_CLOUD_EVENT_SOURCE":"projects/house-points-app-e7c49/locations/us-central1/services/setLeaderboards","FUNCTION_TARGET":"setLeaderboards","LOG_EXECUTION_ID":"true"},"ingressSettings":null,"timeoutSeconds":null,"serviceAccountEmail":null,"availableMemory":"256Mi","minInstanceCount":null,"maxInstanceCount":null,"maxInstanceRequestConcurrency":80,"availableCpu":"1","vpcConnector":null,"vpcConnectorEgressSettings":null},"labels":{"deployment-tool":"cli-firebase","deployment-scheduled":"true","firebase-functions-hash":"17c5ea9af04112afdf76d77a487ddb9485cc8db7"}}
[debug] [2025-02-06T14:34:40.797Z] <<< [apiv2][status] PATCH https://cloudfunctions.googleapis.com/v2/projects/house-points-app-e7c49/locations/us-central1/functions/setLeaderboards 200
[debug] [2025-02-06T14:34:40.797Z] <<< [apiv2][body] PATCH https://cloudfunctions.googleapis.com/v2/projects/house-points-app-e7c49/locations/us-central1/functions/setLeaderboards {"name":"projects/house-points-app-e7c49/locations/us-central1/operations/operation-1738852479664-62d7a245dffe2-b43d5809-85491e67","metadata":{"@type":"type.googleapis.com/google.cloud.functions.v2.OperationMetadata","createTime":"2025-02-06T14:34:40.750468349Z","target":"projects/house-points-app-e7c49/locations/us-central1/functions/setLeaderboards","verb":"update","cancelRequested":false,"apiVersion":"v2"},"done":false}
[debug] [2025-02-06T14:34:40.799Z] Checked if tokens are valid: true, expires at: 1738854473328
[debug] [2025-02-06T14:34:40.799Z] Checked if tokens are valid: true, expires at: 1738854473328
[debug] [2025-02-06T14:34:40.799Z] >>> [apiv2][query] GET https://cloudfunctions.googleapis.com/v2/projects/house-points-app-e7c49/locations/us-central1/operations/operation-1738852479664-62d7a245dffe2-b43d5809-85491e67 [none]
[debug] [2025-02-06T14:34:40.891Z] <<< [apiv2][status] GET https://cloudfunctions.googleapis.com/v2/projects/house-points-app-e7c49/locations/us-central1/operations/operation-1738852479664-62d7a245dffe2-b43d5809-85491e67 200
[debug] [2025-02-06T14:34:40.892Z] <<< [apiv2][body] GET https://cloudfunctions.googleapis.com/v2/projects/house-points-app-e7c49/locations/us-central1/operations/operation-1738852479664-62d7a245dffe2-b43d5809-85491e67 {"name":"projects/house-points-app-e7c49/locations/us-central1/operations/operation-1738852479664-62d7a245dffe2-b43d5809-85491e67","metadata":{"@type":"type.googleapis.com/google.cloud.functions.v2.OperationMetadata","createTime":"2025-02-06T14:34:40.750468349Z","target":"projects/house-points-app-e7c49/locations/us-central1/functions/setLeaderboards","verb":"update","cancelRequested":false,"apiVersion":"v2"},"done":false}
[debug] [2025-02-06T14:34:41.394Z] [update-default-us-central1-setLeaderboards] Retrying task index 0
[debug] [2025-02-06T14:34:41.395Z] Checked if tokens are valid: true, expires at: 1738854473328
[debug] [2025-02-06T14:34:41.395Z] Checked if tokens are valid: true, expires at: 1738854473328
[debug] [2025-02-06T14:34:41.395Z] >>> [apiv2][query] GET https://cloudfunctions.googleapis.com/v2/projects/house-points-app-e7c49/locations/us-central1/operations/operation-1738852479664-62d7a245dffe2-b43d5809-85491e67 [none]
[debug] [2025-02-06T14:34:41.471Z] <<< [apiv2][status] GET https://cloudfunctions.googleapis.com/v2/projects/house-points-app-e7c49/locations/us-central1/operations/operation-1738852479664-62d7a245dffe2-b43d5809-85491e67 200
[debug] [2025-02-06T14:34:41.471Z] <<< [apiv2][body] GET https://cloudfunctions.googleapis.com/v2/projects/house-points-app-e7c49/locations/us-central1/operations/operation-1738852479664-62d7a245dffe2-b43d5809-85491e67 {"name":"projects/house-points-app-e7c49/locations/us-central1/operations/operation-1738852479664-62d7a245dffe2-b43d5809-85491e67","metadata":{"@type":"type.googleapis.com/google.cloud.functions.v2.OperationMetadata","createTime":"2025-02-06T14:34:40.750468349Z","target":"projects/house-points-app-e7c49/locations/us-central1/functions/setLeaderboards","verb":"update","cancelRequested":false,"apiVersion":"v2","requestResource":{"@type":"type.googleapis.com/google.cloud.functions.v2.Function","name":"projects/house-points-app-e7c49/locations/us-central1/functions/setLeaderboards","buildConfig":{"runtime":"nodejs22","entryPoint":"setLeaderboards","source":{"storageSource":{"bucket":"gcf-v2-sources-495897903470-us-central1","object":"setLeaderboards/function-source.zip","generation":"1738852480689773"}},"environmentVariables":{"GOOGLE_NODE_RUN_SCRIPTS":""},"dockerRepository":"projects/house-points-app-e7c49/locations/us-central1/repositories/gcf-artifacts","sourceProvenance":{"resolvedStorageSource":{"bucket":"gcf-v2-sources-495897903470-us-central1","object":"setLeaderboards/function-source.zip","generation":"1738851946134344"}},"dockerRegistry":"ARTIFACT_REGISTRY","serviceAccount":"projects/house-points-app-e7c49/serviceAccounts/495897903470-compute@developer.gserviceaccount.com","automaticUpdatePolicy":{}},"serviceConfig":{"service":"projects/house-points-app-e7c49/locations/us-central1/services/setleaderboards","timeoutSeconds":60,"environmentVariables":{"FIREBASE_CONFIG":"{\"projectId\":\"house-points-app-e7c49\",\"storageBucket\":\"house-points-app-e7c49.firebasestorage.app\"}","GCLOUD_PROJECT":"house-points-app-e7c49","EVENTARC_CLOUD_EVENT_SOURCE":"projects/house-points-app-e7c49/locations/us-central1/services/setLeaderboards","FUNCTION_TARGET":"setLeaderboards","LOG_EXECUTION_ID":"true"},"ingressSettings":"ALLOW_ALL","uri":"https://setleaderboards-obtxzasrxq-uc.a.run.app","serviceAccountEmail":"495897903470-compute@developer.gserviceaccount.com","availableMemory":"256Mi","allTrafficOnLatestRevision":true,"revision":"setleaderboards-00009-daq","maxInstanceRequestConcurrency":80,"availableCpu":"1"},"state":"ACTIVE","labels":{"deployment-tool":"cloud-console","deployment-scheduled":"true","firebase-functions-hash":"17c5ea9af04112afdf76d77a487ddb9485cc8db7"},"environment":"GEN_2","url":"https://us-central1-house-points-app-e7c49.cloudfunctions.net/setLeaderboards","satisfiesPzi":true},"stages":[{"name":"BUILD","state":"NOT_STARTED"},{"name":"SERVICE","state":"NOT_STARTED"}],"operationType":"UPDATE_FUNCTION"},"done":false}
[debug] [2025-02-06T14:34:42.472Z] [update-default-us-central1-setLeaderboards] Retrying task index 0
[debug] [2025-02-06T14:34:42.473Z] Checked if tokens are valid: true, expires at: 1738854473328
[debug] [2025-02-06T14:34:42.473Z] Checked if tokens are valid: true, expires at: 1738854473328
[debug] [2025-02-06T14:34:42.474Z] >>> [apiv2][query] GET https://cloudfunctions.googleapis.com/v2/projects/house-points-app-e7c49/locations/us-central1/operations/operation-1738852479664-62d7a245dffe2-b43d5809-85491e67 [none]
[debug] [2025-02-06T14:34:42.669Z] <<< [apiv2][status] GET https://cloudfunctions.googleapis.com/v2/projects/house-points-app-e7c49/locations/us-central1/operations/operation-1738852479664-62d7a245dffe2-b43d5809-85491e67 200
[debug] [2025-02-06T14:34:42.669Z] <<< [apiv2][body] GET https://cloudfunctions.googleapis.com/v2/projects/house-points-app-e7c49/locations/us-central1/operations/operation-1738852479664-62d7a245dffe2-b43d5809-85491e67 {"name":"projects/house-points-app-e7c49/locations/us-central1/operations/operation-1738852479664-62d7a245dffe2-b43d5809-85491e67","metadata":{"@type":"type.googleapis.com/google.cloud.functions.v2.OperationMetadata","createTime":"2025-02-06T14:34:40.750468349Z","target":"projects/house-points-app-e7c49/locations/us-central1/functions/setLeaderboards","verb":"update","cancelRequested":false,"apiVersion":"v2","requestResource":{"@type":"type.googleapis.com/google.cloud.functions.v2.Function","name":"projects/house-points-app-e7c49/locations/us-central1/functions/setLeaderboards","buildConfig":{"runtime":"nodejs22","entryPoint":"setLeaderboards","source":{"storageSource":{"bucket":"gcf-v2-sources-495897903470-us-central1","object":"setLeaderboards/function-source.zip","generation":"1738852480689773"}},"environmentVariables":{"GOOGLE_NODE_RUN_SCRIPTS":""},"dockerRepository":"projects/house-points-app-e7c49/locations/us-central1/repositories/gcf-artifacts","sourceProvenance":{"resolvedStorageSource":{"bucket":"gcf-v2-sources-495897903470-us-central1","object":"setLeaderboards/function-source.zip","generation":"1738851946134344"}},"dockerRegistry":"ARTIFACT_REGISTRY","serviceAccount":"projects/house-points-app-e7c49/serviceAccounts/495897903470-compute@developer.gserviceaccount.com","automaticUpdatePolicy":{}},"serviceConfig":{"service":"projects/house-points-app-e7c49/locations/us-central1/services/setleaderboards","timeoutSeconds":60,"environmentVariables":{"FIREBASE_CONFIG":"{\"projectId\":\"house-points-app-e7c49\",\"storageBucket\":\"house-points-app-e7c49.firebasestorage.app\"}","GCLOUD_PROJECT":"house-points-app-e7c49","EVENTARC_CLOUD_EVENT_SOURCE":"projects/house-points-app-e7c49/locations/us-central1/services/setLeaderboards","FUNCTION_TARGET":"setLeaderboards","LOG_EXECUTION_ID":"true"},"ingressSettings":"ALLOW_ALL","uri":"https://setleaderboards-obtxzasrxq-uc.a.run.app","serviceAccountEmail":"495897903470-compute@developer.gserviceaccount.com","availableMemory":"256Mi","allTrafficOnLatestRevision":true,"revision":"setleaderboards-00009-daq","maxInstanceRequestConcurrency":80,"availableCpu":"1"},"state":"ACTIVE","labels":{"deployment-tool":"cloud-console","deployment-scheduled":"true","firebase-functions-hash":"17c5ea9af04112afdf76d77a487ddb9485cc8db7"},"environment":"GEN_2","url":"https://us-central1-house-points-app-e7c49.cloudfunctions.net/setLeaderboards","satisfiesPzi":true},"stages":[{"name":"BUILD","message":"Build in progress","state":"IN_PROGRESS","resource":"projects/495897903470/locations/us-central1/builds/084a52a8-2dfd-4075-87f0-fb104f76246e","resourceUri":"https://console.cloud.google.com/cloud-build/builds;region=us-central1/084a52a8-2dfd-4075-87f0-fb104f76246e?project=495897903470"},{"name":"SERVICE","state":"NOT_STARTED"}],"operationType":"UPDATE_FUNCTION","buildName":"projects/495897903470/locations/us-central1/builds/084a52a8-2dfd-4075-87f0-fb104f76246e"},"done":false}
[debug] [2025-02-06T14:34:44.670Z] [update-default-us-central1-setLeaderboards] Retrying task index 0
[debug] [2025-02-06T14:34:44.671Z] Checked if tokens are valid: true, expires at: 1738854473328
[debug] [2025-02-06T14:34:44.671Z] Checked if tokens are valid: true, expires at: 1738854473328
[debug] [2025-02-06T14:34:44.672Z] >>> [apiv2][query] GET https://cloudfunctions.googleapis.com/v2/projects/house-points-app-e7c49/locations/us-central1/operations/operation-1738852479664-62d7a245dffe2-b43d5809-85491e67 [none]
[debug] [2025-02-06T14:34:44.749Z] <<< [apiv2][status] GET https://cloudfunctions.googleapis.com/v2/projects/house-points-app-e7c49/locations/us-central1/operations/operation-1738852479664-62d7a245dffe2-b43d5809-85491e67 200
[debug] [2025-02-06T14:34:44.750Z] <<< [apiv2][body] GET https://cloudfunctions.googleapis.com/v2/projects/house-points-app-e7c49/locations/us-central1/operations/operation-1738852479664-62d7a245dffe2-b43d5809-85491e67 {"name":"projects/house-points-app-e7c49/locations/us-central1/operations/operation-1738852479664-62d7a245dffe2-b43d5809-85491e67","metadata":{"@type":"type.googleapis.com/google.cloud.functions.v2.OperationMetadata","createTime":"2025-02-06T14:34:40.750468349Z","target":"projects/house-points-app-e7c49/locations/us-central1/functions/setLeaderboards","verb":"update","cancelRequested":false,"apiVersion":"v2","requestResource":{"@type":"type.googleapis.com/google.cloud.functions.v2.Function","name":"projects/house-points-app-e7c49/locations/us-central1/functions/setLeaderboards","buildConfig":{"runtime":"nodejs22","entryPoint":"setLeaderboards","source":{"storageSource":{"bucket":"gcf-v2-sources-495897903470-us-central1","object":"setLeaderboards/function-source.zip","generation":"1738852480689773"}},"environmentVariables":{"GOOGLE_NODE_RUN_SCRIPTS":""},"dockerRepository":"projects/house-points-app-e7c49/locations/us-central1/repositories/gcf-artifacts","sourceProvenance":{"resolvedStorageSource":{"bucket":"gcf-v2-sources-495897903470-us-central1","object":"setLeaderboards/function-source.zip","generation":"1738851946134344"}},"dockerRegistry":"ARTIFACT_REGISTRY","serviceAccount":"projects/house-points-app-e7c49/serviceAccounts/495897903470-compute@developer.gserviceaccount.com","automaticUpdatePolicy":{}},"serviceConfig":{"service":"projects/house-points-app-e7c49/locations/us-central1/services/setleaderboards","timeoutSeconds":60,"environmentVariables":{"FIREBASE_CONFIG":"{\"projectId\":\"house-points-app-e7c49\",\"storageBucket\":\"house-points-app-e7c49.firebasestorage.app\"}","GCLOUD_PROJECT":"house-points-app-e7c49","EVENTARC_CLOUD_EVENT_SOURCE":"projects/house-points-app-e7c49/locations/us-central1/services/setLeaderboards","FUNCTION_TARGET":"setLeaderboards","LOG_EXECUTION_ID":"true"},"ingressSettings":"ALLOW_ALL","uri":"https://setleaderboards-obtxzasrxq-uc.a.run.app","serviceAccountEmail":"495897903470-compute@developer.gserviceaccount.com","availableMemory":"256Mi","allTrafficOnLatestRevision":true,"revision":"setleaderboards-00009-daq","maxInstanceRequestConcurrency":80,"availableCpu":"1"},"state":"ACTIVE","labels":{"deployment-tool":"cloud-console","deployment-scheduled":"true","firebase-functions-hash":"17c5ea9af04112afdf76d77a487ddb9485cc8db7"},"environment":"GEN_2","url":"https://us-central1-house-points-app-e7c49.cloudfunctions.net/setLeaderboards","satisfiesPzi":true},"stages":[{"name":"BUILD","message":"Build in progress","state":"IN_PROGRESS","resource":"projects/495897903470/locations/us-central1/builds/084a52a8-2dfd-4075-87f0-fb104f76246e","resourceUri":"https://console.cloud.google.com/cloud-build/builds;region=us-central1/084a52a8-2dfd-4075-87f0-fb104f76246e?project=495897903470"},{"name":"SERVICE","state":"NOT_STARTED"}],"operationType":"UPDATE_FUNCTION","buildName":"projects/495897903470/locations/us-central1/builds/084a52a8-2dfd-4075-87f0-fb104f76246e"},"done":false}
[debug] [2025-02-06T14:34:48.751Z] [update-default-us-central1-setLeaderboards] Retrying task index 0
[debug] [2025-02-06T14:34:48.752Z] Checked if tokens are valid: true, expires at: 1738854473328
[debug] [2025-02-06T14:34:48.753Z] Checked if tokens are valid: true, expires at: 1738854473328
[debug] [2025-02-06T14:34:48.753Z] >>> [apiv2][query] GET https://cloudfunctions.googleapis.com/v2/projects/house-points-app-e7c49/locations/us-central1/operations/operation-1738852479664-62d7a245dffe2-b43d5809-85491e67 [none]
[debug] [2025-02-06T14:34:48.929Z] <<< [apiv2][status] GET https://cloudfunctions.googleapis.com/v2/projects/house-points-app-e7c49/locations/us-central1/operations/operation-1738852479664-62d7a245dffe2-b43d5809-85491e67 200
[debug] [2025-02-06T14:34:48.930Z] <<< [apiv2][body] GET https://cloudfunctions.googleapis.com/v2/projects/house-points-app-e7c49/locations/us-central1/operations/operation-1738852479664-62d7a245dffe2-b43d5809-85491e67 {"name":"projects/house-points-app-e7c49/locations/us-central1/operations/operation-1738852479664-62d7a245dffe2-b43d5809-85491e67","metadata":{"@type":"type.googleapis.com/google.cloud.functions.v2.OperationMetadata","createTime":"2025-02-06T14:34:40.750468349Z","target":"projects/house-points-app-e7c49/locations/us-central1/functions/setLeaderboards","verb":"update","cancelRequested":false,"apiVersion":"v2","requestResource":{"@type":"type.googleapis.com/google.cloud.functions.v2.Function","name":"projects/house-points-app-e7c49/locations/us-central1/functions/setLeaderboards","buildConfig":{"runtime":"nodejs22","entryPoint":"setLeaderboards","source":{"storageSource":{"bucket":"gcf-v2-sources-495897903470-us-central1","object":"setLeaderboards/function-source.zip","generation":"1738852480689773"}},"environmentVariables":{"GOOGLE_NODE_RUN_SCRIPTS":""},"dockerRepository":"projects/house-points-app-e7c49/locations/us-central1/repositories/gcf-artifacts","sourceProvenance":{"resolvedStorageSource":{"bucket":"gcf-v2-sources-495897903470-us-central1","object":"setLeaderboards/function-source.zip","generation":"1738851946134344"}},"dockerRegistry":"ARTIFACT_REGISTRY","serviceAccount":"projects/house-points-app-e7c49/serviceAccounts/495897903470-compute@developer.gserviceaccount.com","automaticUpdatePolicy":{}},"serviceConfig":{"service":"projects/house-points-app-e7c49/locations/us-central1/services/setleaderboards","timeoutSeconds":60,"environmentVariables":{"FIREBASE_CONFIG":"{\"projectId\":\"house-points-app-e7c49\",\"storageBucket\":\"house-points-app-e7c49.firebasestorage.app\"}","GCLOUD_PROJECT":"house-points-app-e7c49","EVENTARC_CLOUD_EVENT_SOURCE":"projects/house-points-app-e7c49/locations/us-central1/services/setLeaderboards","FUNCTION_TARGET":"setLeaderboards","LOG_EXECUTION_ID":"true"},"ingressSettings":"ALLOW_ALL","uri":"https://setleaderboards-obtxzasrxq-uc.a.run.app","serviceAccountEmail":"495897903470-compute@developer.gserviceaccount.com","availableMemory":"256Mi","allTrafficOnLatestRevision":true,"revision":"setleaderboards-00009-daq","maxInstanceRequestConcurrency":80,"availableCpu":"1"},"state":"ACTIVE","labels":{"deployment-tool":"cloud-console","deployment-scheduled":"true","firebase-functions-hash":"17c5ea9af04112afdf76d77a487ddb9485cc8db7"},"environment":"GEN_2","url":"https://us-central1-house-points-app-e7c49.cloudfunctions.net/setLeaderboards","satisfiesPzi":true},"stages":[{"name":"BUILD","message":"Build in progress","state":"IN_PROGRESS","resource":"projects/495897903470/locations/us-central1/builds/084a52a8-2dfd-4075-87f0-fb104f76246e","resourceUri":"https://console.cloud.google.com/cloud-build/builds;region=us-central1/084a52a8-2dfd-4075-87f0-fb104f76246e?project=495897903470"},{"name":"SERVICE","state":"NOT_STARTED"}],"operationType":"UPDATE_FUNCTION","buildName":"projects/495897903470/locations/us-central1/builds/084a52a8-2dfd-4075-87f0-fb104f76246e"},"done":false}
[debug] [2025-02-06T14:34:56.932Z] [update-default-us-central1-setLeaderboards] Retrying task index 0
[debug] [2025-02-06T14:34:56.933Z] Checked if tokens are valid: true, expires at: 1738854473328
[debug] [2025-02-06T14:34:56.933Z] Checked if tokens are valid: true, expires at: 1738854473328
[debug] [2025-02-06T14:34:56.933Z] >>> [apiv2][query] GET https://cloudfunctions.googleapis.com/v2/projects/house-points-app-e7c49/locations/us-central1/operations/operation-1738852479664-62d7a245dffe2-b43d5809-85491e67 [none]
[debug] [2025-02-06T14:34:57.140Z] <<< [apiv2][status] GET https://cloudfunctions.googleapis.com/v2/projects/house-points-app-e7c49/locations/us-central1/operations/operation-1738852479664-62d7a245dffe2-b43d5809-85491e67 200
[debug] [2025-02-06T14:34:57.141Z] <<< [apiv2][body] GET https://cloudfunctions.googleapis.com/v2/projects/house-points-app-e7c49/locations/us-central1/operations/operation-1738852479664-62d7a245dffe2-b43d5809-85491e67 {"name":"projects/house-points-app-e7c49/locations/us-central1/operations/operation-1738852479664-62d7a245dffe2-b43d5809-85491e67","metadata":{"@type":"type.googleapis.com/google.cloud.functions.v2.OperationMetadata","createTime":"2025-02-06T14:34:40.750468349Z","target":"projects/house-points-app-e7c49/locations/us-central1/functions/setLeaderboards","verb":"update","cancelRequested":false,"apiVersion":"v2","requestResource":{"@type":"type.googleapis.com/google.cloud.functions.v2.Function","name":"projects/house-points-app-e7c49/locations/us-central1/functions/setLeaderboards","buildConfig":{"runtime":"nodejs22","entryPoint":"setLeaderboards","source":{"storageSource":{"bucket":"gcf-v2-sources-495897903470-us-central1","object":"setLeaderboards/function-source.zip","generation":"1738852480689773"}},"environmentVariables":{"GOOGLE_NODE_RUN_SCRIPTS":""},"dockerRepository":"projects/house-points-app-e7c49/locations/us-central1/repositories/gcf-artifacts","sourceProvenance":{"resolvedStorageSource":{"bucket":"gcf-v2-sources-495897903470-us-central1","object":"setLeaderboards/function-source.zip","generation":"1738851946134344"}},"dockerRegistry":"ARTIFACT_REGISTRY","serviceAccount":"projects/house-points-app-e7c49/serviceAccounts/495897903470-compute@developer.gserviceaccount.com","automaticUpdatePolicy":{}},"serviceConfig":{"service":"projects/house-points-app-e7c49/locations/us-central1/services/setleaderboards","timeoutSeconds":60,"environmentVariables":{"FIREBASE_CONFIG":"{\"projectId\":\"house-points-app-e7c49\",\"storageBucket\":\"house-points-app-e7c49.firebasestorage.app\"}","GCLOUD_PROJECT":"house-points-app-e7c49","EVENTARC_CLOUD_EVENT_SOURCE":"projects/house-points-app-e7c49/locations/us-central1/services/setLeaderboards","FUNCTION_TARGET":"setLeaderboards","LOG_EXECUTION_ID":"true"},"ingressSettings":"ALLOW_ALL","uri":"https://setleaderboards-obtxzasrxq-uc.a.run.app","serviceAccountEmail":"495897903470-compute@developer.gserviceaccount.com","availableMemory":"256Mi","allTrafficOnLatestRevision":true,"revision":"setleaderboards-00009-daq","maxInstanceRequestConcurrency":80,"availableCpu":"1"},"state":"ACTIVE","labels":{"deployment-tool":"cloud-console","deployment-scheduled":"true","firebase-functions-hash":"17c5ea9af04112afdf76d77a487ddb9485cc8db7"},"environment":"GEN_2","url":"https://us-central1-house-points-app-e7c49.cloudfunctions.net/setLeaderboards","satisfiesPzi":true},"stages":[{"name":"BUILD","message":"Build in progress","state":"IN_PROGRESS","resource":"projects/495897903470/locations/us-central1/builds/084a52a8-2dfd-4075-87f0-fb104f76246e","resourceUri":"https://console.cloud.google.com/cloud-build/builds;region=us-central1/084a52a8-2dfd-4075-87f0-fb104f76246e?project=495897903470"},{"name":"SERVICE","state":"NOT_STARTED"}],"operationType":"UPDATE_FUNCTION","buildName":"projects/495897903470/locations/us-central1/builds/084a52a8-2dfd-4075-87f0-fb104f76246e"},"done":false}
[debug] [2025-02-06T14:35:07.142Z] [update-default-us-central1-setLeaderboards] Retrying task index 0
[debug] [2025-02-06T14:35:07.144Z] Checked if tokens are valid: true, expires at: 1738854473328
[debug] [2025-02-06T14:35:07.144Z] Checked if tokens are valid: true, expires at: 1738854473328
[debug] [2025-02-06T14:35:07.144Z] >>> [apiv2][query] GET https://cloudfunctions.googleapis.com/v2/projects/house-points-app-e7c49/locations/us-central1/operations/operation-1738852479664-62d7a245dffe2-b43d5809-85491e67 [none]
[debug] [2025-02-06T14:35:07.370Z] <<< [apiv2][status] GET https://cloudfunctions.googleapis.com/v2/projects/house-points-app-e7c49/locations/us-central1/operations/operation-1738852479664-62d7a245dffe2-b43d5809-85491e67 200
[debug] [2025-02-06T14:35:07.370Z] <<< [apiv2][body] GET https://cloudfunctions.googleapis.com/v2/projects/house-points-app-e7c49/locations/us-central1/operations/operation-1738852479664-62d7a245dffe2-b43d5809-85491e67 {"name":"projects/house-points-app-e7c49/locations/us-central1/operations/operation-1738852479664-62d7a245dffe2-b43d5809-85491e67","metadata":{"@type":"type.googleapis.com/google.cloud.functions.v2.OperationMetadata","createTime":"2025-02-06T14:34:40.750468349Z","target":"projects/house-points-app-e7c49/locations/us-central1/functions/setLeaderboards","verb":"update","cancelRequested":false,"apiVersion":"v2","requestResource":{"@type":"type.googleapis.com/google.cloud.functions.v2.Function","name":"projects/house-points-app-e7c49/locations/us-central1/functions/setLeaderboards","buildConfig":{"runtime":"nodejs22","entryPoint":"setLeaderboards","source":{"storageSource":{"bucket":"gcf-v2-sources-495897903470-us-central1","object":"setLeaderboards/function-source.zip","generation":"1738852480689773"}},"environmentVariables":{"GOOGLE_NODE_RUN_SCRIPTS":""},"dockerRepository":"projects/house-points-app-e7c49/locations/us-central1/repositories/gcf-artifacts","sourceProvenance":{"resolvedStorageSource":{"bucket":"gcf-v2-sources-495897903470-us-central1","object":"setLeaderboards/function-source.zip","generation":"1738851946134344"}},"dockerRegistry":"ARTIFACT_REGISTRY","serviceAccount":"projects/house-points-app-e7c49/serviceAccounts/495897903470-compute@developer.gserviceaccount.com","automaticUpdatePolicy":{}},"serviceConfig":{"service":"projects/house-points-app-e7c49/locations/us-central1/services/setleaderboards","timeoutSeconds":60,"environmentVariables":{"FIREBASE_CONFIG":"{\"projectId\":\"house-points-app-e7c49\",\"storageBucket\":\"house-points-app-e7c49.firebasestorage.app\"}","GCLOUD_PROJECT":"house-points-app-e7c49","EVENTARC_CLOUD_EVENT_SOURCE":"projects/house-points-app-e7c49/locations/us-central1/services/setLeaderboards","FUNCTION_TARGET":"setLeaderboards","LOG_EXECUTION_ID":"true"},"ingressSettings":"ALLOW_ALL","uri":"https://setleaderboards-obtxzasrxq-uc.a.run.app","serviceAccountEmail":"495897903470-compute@developer.gserviceaccount.com","availableMemory":"256Mi","allTrafficOnLatestRevision":true,"revision":"setleaderboards-00009-daq","maxInstanceRequestConcurrency":80,"availableCpu":"1"},"state":"ACTIVE","labels":{"deployment-tool":"cloud-console","deployment-scheduled":"true","firebase-functions-hash":"17c5ea9af04112afdf76d77a487ddb9485cc8db7"},"environment":"GEN_2","url":"https://us-central1-house-points-app-e7c49.cloudfunctions.net/setLeaderboards","satisfiesPzi":true},"stages":[{"name":"BUILD","message":"Build in progress","state":"IN_PROGRESS","resource":"projects/495897903470/locations/us-central1/builds/084a52a8-2dfd-4075-87f0-fb104f76246e","resourceUri":"https://console.cloud.google.com/cloud-build/builds;region=us-central1/084a52a8-2dfd-4075-87f0-fb104f76246e?project=495897903470"},{"name":"SERVICE","state":"NOT_STARTED"}],"operationType":"UPDATE_FUNCTION","buildName":"projects/495897903470/locations/us-central1/builds/084a52a8-2dfd-4075-87f0-fb104f76246e"},"done":false}
[debug] [2025-02-06T14:35:17.372Z] [update-default-us-central1-setLeaderboards] Retrying task index 0
[debug] [2025-02-06T14:35:17.373Z] Checked if tokens are valid: true, expires at: 1738854473328
[debug] [2025-02-06T14:35:17.373Z] Checked if tokens are valid: true, expires at: 1738854473328
[debug] [2025-02-06T14:35:17.374Z] >>> [apiv2][query] GET https://cloudfunctions.googleapis.com/v2/projects/house-points-app-e7c49/locations/us-central1/operations/operation-1738852479664-62d7a245dffe2-b43d5809-85491e67 [none]
[debug] [2025-02-06T14:35:17.572Z] <<< [apiv2][status] GET https://cloudfunctions.googleapis.com/v2/projects/house-points-app-e7c49/locations/us-central1/operations/operation-1738852479664-62d7a245dffe2-b43d5809-85491e67 200
[debug] [2025-02-06T14:35:17.572Z] <<< [apiv2][body] GET https://cloudfunctions.googleapis.com/v2/projects/house-points-app-e7c49/locations/us-central1/operations/operation-1738852479664-62d7a245dffe2-b43d5809-85491e67 {"name":"projects/house-points-app-e7c49/locations/us-central1/operations/operation-1738852479664-62d7a245dffe2-b43d5809-85491e67","metadata":{"@type":"type.googleapis.com/google.cloud.functions.v2.OperationMetadata","createTime":"2025-02-06T14:34:40.750468349Z","target":"projects/house-points-app-e7c49/locations/us-central1/functions/setLeaderboards","verb":"update","cancelRequested":false,"apiVersion":"v2","requestResource":{"@type":"type.googleapis.com/google.cloud.functions.v2.Function","name":"projects/house-points-app-e7c49/locations/us-central1/functions/setLeaderboards","buildConfig":{"runtime":"nodejs22","entryPoint":"setLeaderboards","source":{"storageSource":{"bucket":"gcf-v2-sources-495897903470-us-central1","object":"setLeaderboards/function-source.zip","generation":"1738852480689773"}},"environmentVariables":{"GOOGLE_NODE_RUN_SCRIPTS":""},"dockerRepository":"projects/house-points-app-e7c49/locations/us-central1/repositories/gcf-artifacts","sourceProvenance":{"resolvedStorageSource":{"bucket":"gcf-v2-sources-495897903470-us-central1","object":"setLeaderboards/function-source.zip","generation":"1738851946134344"}},"dockerRegistry":"ARTIFACT_REGISTRY","serviceAccount":"projects/house-points-app-e7c49/serviceAccounts/495897903470-compute@developer.gserviceaccount.com","automaticUpdatePolicy":{}},"serviceConfig":{"service":"projects/house-points-app-e7c49/locations/us-central1/services/setleaderboards","timeoutSeconds":60,"environmentVariables":{"FIREBASE_CONFIG":"{\"projectId\":\"house-points-app-e7c49\",\"storageBucket\":\"house-points-app-e7c49.firebasestorage.app\"}","GCLOUD_PROJECT":"house-points-app-e7c49","EVENTARC_CLOUD_EVENT_SOURCE":"projects/house-points-app-e7c49/locations/us-central1/services/setLeaderboards","FUNCTION_TARGET":"setLeaderboards","LOG_EXECUTION_ID":"true"},"ingressSettings":"ALLOW_ALL","uri":"https://setleaderboards-obtxzasrxq-uc.a.run.app","serviceAccountEmail":"495897903470-compute@developer.gserviceaccount.com","availableMemory":"256Mi","allTrafficOnLatestRevision":true,"revision":"setleaderboards-00009-daq","maxInstanceRequestConcurrency":80,"availableCpu":"1"},"state":"ACTIVE","labels":{"deployment-tool":"cloud-console","deployment-scheduled":"true","firebase-functions-hash":"17c5ea9af04112afdf76d77a487ddb9485cc8db7"},"environment":"GEN_2","url":"https://us-central1-house-points-app-e7c49.cloudfunctions.net/setLeaderboards","satisfiesPzi":true},"stages":[{"name":"BUILD","message":"Build in progress","state":"IN_PROGRESS","resource":"projects/495897903470/locations/us-central1/builds/084a52a8-2dfd-4075-87f0-fb104f76246e","resourceUri":"https://console.cloud.google.com/cloud-build/builds;region=us-central1/084a52a8-2dfd-4075-87f0-fb104f76246e?project=495897903470"},{"name":"SERVICE","state":"NOT_STARTED"}],"operationType":"UPDATE_FUNCTION","buildName":"projects/495897903470/locations/us-central1/builds/084a52a8-2dfd-4075-87f0-fb104f76246e"},"done":false}
[debug] [2025-02-06T14:35:27.574Z] [update-default-us-central1-setLeaderboards] Retrying task index 0
[debug] [2025-02-06T14:35:27.576Z] Checked if tokens are valid: true, expires at: 1738854473328
[debug] [2025-02-06T14:35:27.576Z] Checked if tokens are valid: true, expires at: 1738854473328
[debug] [2025-02-06T14:35:27.576Z] >>> [apiv2][query] GET https://cloudfunctions.googleapis.com/v2/projects/house-points-app-e7c49/locations/us-central1/operations/operation-1738852479664-62d7a245dffe2-b43d5809-85491e67 [none]
[debug] [2025-02-06T14:35:27.835Z] <<< [apiv2][status] GET https://cloudfunctions.googleapis.com/v2/projects/house-points-app-e7c49/locations/us-central1/operations/operation-1738852479664-62d7a245dffe2-b43d5809-85491e67 200
[debug] [2025-02-06T14:35:27.835Z] <<< [apiv2][body] GET https://cloudfunctions.googleapis.com/v2/projects/house-points-app-e7c49/locations/us-central1/operations/operation-1738852479664-62d7a245dffe2-b43d5809-85491e67 {"name":"projects/house-points-app-e7c49/locations/us-central1/operations/operation-1738852479664-62d7a245dffe2-b43d5809-85491e67","metadata":{"@type":"type.googleapis.com/google.cloud.functions.v2.OperationMetadata","createTime":"2025-02-06T14:34:40.750468349Z","target":"projects/house-points-app-e7c49/locations/us-central1/functions/setLeaderboards","verb":"update","cancelRequested":false,"apiVersion":"v2","requestResource":{"@type":"type.googleapis.com/google.cloud.functions.v2.Function","name":"projects/house-points-app-e7c49/locations/us-central1/functions/setLeaderboards","buildConfig":{"runtime":"nodejs22","entryPoint":"setLeaderboards","source":{"storageSource":{"bucket":"gcf-v2-sources-495897903470-us-central1","object":"setLeaderboards/function-source.zip","generation":"1738852480689773"}},"environmentVariables":{"GOOGLE_NODE_RUN_SCRIPTS":""},"dockerRepository":"projects/house-points-app-e7c49/locations/us-central1/repositories/gcf-artifacts","sourceProvenance":{"resolvedStorageSource":{"bucket":"gcf-v2-sources-495897903470-us-central1","object":"setLeaderboards/function-source.zip","generation":"1738851946134344"}},"dockerRegistry":"ARTIFACT_REGISTRY","serviceAccount":"projects/house-points-app-e7c49/serviceAccounts/495897903470-compute@developer.gserviceaccount.com","automaticUpdatePolicy":{}},"serviceConfig":{"service":"projects/house-points-app-e7c49/locations/us-central1/services/setleaderboards","timeoutSeconds":60,"environmentVariables":{"FIREBASE_CONFIG":"{\"projectId\":\"house-points-app-e7c49\",\"storageBucket\":\"house-points-app-e7c49.firebasestorage.app\"}","GCLOUD_PROJECT":"house-points-app-e7c49","EVENTARC_CLOUD_EVENT_SOURCE":"projects/house-points-app-e7c49/locations/us-central1/services/setLeaderboards","FUNCTION_TARGET":"setLeaderboards","LOG_EXECUTION_ID":"true"},"ingressSettings":"ALLOW_ALL","uri":"https://setleaderboards-obtxzasrxq-uc.a.run.app","serviceAccountEmail":"495897903470-compute@developer.gserviceaccount.com","availableMemory":"256Mi","allTrafficOnLatestRevision":true,"revision":"setleaderboards-00009-daq","maxInstanceRequestConcurrency":80,"availableCpu":"1"},"state":"ACTIVE","labels":{"deployment-tool":"cloud-console","deployment-scheduled":"true","firebase-functions-hash":"17c5ea9af04112afdf76d77a487ddb9485cc8db7"},"environment":"GEN_2","url":"https://us-central1-house-points-app-e7c49.cloudfunctions.net/setLeaderboards","satisfiesPzi":true},"stages":[{"name":"BUILD","message":"Build in progress","state":"IN_PROGRESS","resource":"projects/495897903470/locations/us-central1/builds/084a52a8-2dfd-4075-87f0-fb104f76246e","resourceUri":"https://console.cloud.google.com/cloud-build/builds;region=us-central1/084a52a8-2dfd-4075-87f0-fb104f76246e?project=495897903470"},{"name":"SERVICE","state":"NOT_STARTED"}],"operationType":"UPDATE_FUNCTION","buildName":"projects/495897903470/locations/us-central1/builds/084a52a8-2dfd-4075-87f0-fb104f76246e"},"done":false}
[debug] [2025-02-06T14:35:37.836Z] [update-default-us-central1-setLeaderboards] Retrying task index 0
[debug] [2025-02-06T14:35:37.838Z] Checked if tokens are valid: true, expires at: 1738854473328
[debug] [2025-02-06T14:35:37.838Z] Checked if tokens are valid: true, expires at: 1738854473328
[debug] [2025-02-06T14:35:37.839Z] >>> [apiv2][query] GET https://cloudfunctions.googleapis.com/v2/projects/house-points-app-e7c49/locations/us-central1/operations/operation-1738852479664-62d7a245dffe2-b43d5809-85491e67 [none]
[debug] [2025-02-06T14:35:38.078Z] <<< [apiv2][status] GET https://cloudfunctions.googleapis.com/v2/projects/house-points-app-e7c49/locations/us-central1/operations/operation-1738852479664-62d7a245dffe2-b43d5809-85491e67 200
[debug] [2025-02-06T14:35:38.078Z] <<< [apiv2][body] GET https://cloudfunctions.googleapis.com/v2/projects/house-points-app-e7c49/locations/us-central1/operations/operation-1738852479664-62d7a245dffe2-b43d5809-85491e67 {"name":"projects/house-points-app-e7c49/locations/us-central1/operations/operation-1738852479664-62d7a245dffe2-b43d5809-85491e67","metadata":{"@type":"type.googleapis.com/google.cloud.functions.v2.OperationMetadata","createTime":"2025-02-06T14:34:40.750468349Z","target":"projects/house-points-app-e7c49/locations/us-central1/functions/setLeaderboards","verb":"update","cancelRequested":false,"apiVersion":"v2","requestResource":{"@type":"type.googleapis.com/google.cloud.functions.v2.Function","name":"projects/house-points-app-e7c49/locations/us-central1/functions/setLeaderboards","buildConfig":{"runtime":"nodejs22","entryPoint":"setLeaderboards","source":{"storageSource":{"bucket":"gcf-v2-sources-495897903470-us-central1","object":"setLeaderboards/function-source.zip","generation":"1738852480689773"}},"environmentVariables":{"GOOGLE_NODE_RUN_SCRIPTS":""},"dockerRepository":"projects/house-points-app-e7c49/locations/us-central1/repositories/gcf-artifacts","sourceProvenance":{"resolvedStorageSource":{"bucket":"gcf-v2-sources-495897903470-us-central1","object":"setLeaderboards/function-source.zip","generation":"1738851946134344"}},"dockerRegistry":"ARTIFACT_REGISTRY","serviceAccount":"projects/house-points-app-e7c49/serviceAccounts/495897903470-compute@developer.gserviceaccount.com","automaticUpdatePolicy":{}},"serviceConfig":{"service":"projects/house-points-app-e7c49/locations/us-central1/services/setleaderboards","timeoutSeconds":60,"environmentVariables":{"FIREBASE_CONFIG":"{\"projectId\":\"house-points-app-e7c49\",\"storageBucket\":\"house-points-app-e7c49.firebasestorage.app\"}","GCLOUD_PROJECT":"house-points-app-e7c49","EVENTARC_CLOUD_EVENT_SOURCE":"projects/house-points-app-e7c49/locations/us-central1/services/setLeaderboards","FUNCTION_TARGET":"setLeaderboards","LOG_EXECUTION_ID":"true"},"ingressSettings":"ALLOW_ALL","uri":"https://setleaderboards-obtxzasrxq-uc.a.run.app","serviceAccountEmail":"495897903470-compute@developer.gserviceaccount.com","availableMemory":"256Mi","allTrafficOnLatestRevision":true,"revision":"setleaderboards-00009-daq","maxInstanceRequestConcurrency":80,"availableCpu":"1"},"state":"ACTIVE","labels":{"deployment-tool":"cloud-console","deployment-scheduled":"true","firebase-functions-hash":"17c5ea9af04112afdf76d77a487ddb9485cc8db7"},"environment":"GEN_2","url":"https://us-central1-house-points-app-e7c49.cloudfunctions.net/setLeaderboards","satisfiesPzi":true},"stages":[{"name":"BUILD","message":"Build in progress","state":"IN_PROGRESS","resource":"projects/495897903470/locations/us-central1/builds/084a52a8-2dfd-4075-87f0-fb104f76246e","resourceUri":"https://console.cloud.google.com/cloud-build/builds;region=us-central1/084a52a8-2dfd-4075-87f0-fb104f76246e?project=495897903470"},{"name":"SERVICE","state":"NOT_STARTED"}],"operationType":"UPDATE_FUNCTION","buildName":"projects/495897903470/locations/us-central1/builds/084a52a8-2dfd-4075-87f0-fb104f76246e"},"done":false}
[debug] [2025-02-06T14:35:48.080Z] [update-default-us-central1-setLeaderboards] Retrying task index 0
[debug] [2025-02-06T14:35:48.081Z] Checked if tokens are valid: true, expires at: 1738854473328
[debug] [2025-02-06T14:35:48.081Z] Checked if tokens are valid: true, expires at: 1738854473328
[debug] [2025-02-06T14:35:48.081Z] >>> [apiv2][query] GET https://cloudfunctions.googleapis.com/v2/projects/house-points-app-e7c49/locations/us-central1/operations/operation-1738852479664-62d7a245dffe2-b43d5809-85491e67 [none]
[debug] [2025-02-06T14:35:48.554Z] <<< [apiv2][status] GET https://cloudfunctions.googleapis.com/v2/projects/house-points-app-e7c49/locations/us-central1/operations/operation-1738852479664-62d7a245dffe2-b43d5809-85491e67 200
[debug] [2025-02-06T14:35:48.554Z] <<< [apiv2][body] GET https://cloudfunctions.googleapis.com/v2/projects/house-points-app-e7c49/locations/us-central1/operations/operation-1738852479664-62d7a245dffe2-b43d5809-85491e67 {"name":"projects/house-points-app-e7c49/locations/us-central1/operations/operation-1738852479664-62d7a245dffe2-b43d5809-85491e67","metadata":{"@type":"type.googleapis.com/google.cloud.functions.v2.OperationMetadata","createTime":"2025-02-06T14:34:40.750468349Z","endTime":"2025-02-06T14:35:45.986310278Z","target":"projects/house-points-app-e7c49/locations/us-central1/functions/setLeaderboards","verb":"update","cancelRequested":false,"apiVersion":"v2","requestResource":{"@type":"type.googleapis.com/google.cloud.functions.v2.Function","name":"projects/house-points-app-e7c49/locations/us-central1/functions/setLeaderboards","buildConfig":{"runtime":"nodejs22","entryPoint":"setLeaderboards","source":{"storageSource":{"bucket":"gcf-v2-sources-495897903470-us-central1","object":"setLeaderboards/function-source.zip","generation":"1738852480689773"}},"environmentVariables":{"GOOGLE_NODE_RUN_SCRIPTS":""},"dockerRepository":"projects/house-points-app-e7c49/locations/us-central1/repositories/gcf-artifacts","sourceProvenance":{"resolvedStorageSource":{"bucket":"gcf-v2-sources-495897903470-us-central1","object":"setLeaderboards/function-source.zip","generation":"1738851946134344"}},"dockerRegistry":"ARTIFACT_REGISTRY","serviceAccount":"projects/house-points-app-e7c49/serviceAccounts/495897903470-compute@developer.gserviceaccount.com","automaticUpdatePolicy":{}},"serviceConfig":{"service":"projects/house-points-app-e7c49/locations/us-central1/services/setleaderboards","timeoutSeconds":60,"environmentVariables":{"FIREBASE_CONFIG":"{\"projectId\":\"house-points-app-e7c49\",\"storageBucket\":\"house-points-app-e7c49.firebasestorage.app\"}","GCLOUD_PROJECT":"house-points-app-e7c49","EVENTARC_CLOUD_EVENT_SOURCE":"projects/house-points-app-e7c49/locations/us-central1/services/setLeaderboards","FUNCTION_TARGET":"setLeaderboards","LOG_EXECUTION_ID":"true"},"ingressSettings":"ALLOW_ALL","uri":"https://setleaderboards-obtxzasrxq-uc.a.run.app","serviceAccountEmail":"495897903470-compute@developer.gserviceaccount.com","availableMemory":"256Mi","allTrafficOnLatestRevision":true,"revision":"setleaderboards-00009-daq","maxInstanceRequestConcurrency":80,"availableCpu":"1"},"state":"ACTIVE","labels":{"deployment-tool":"cloud-console","deployment-scheduled":"true","firebase-functions-hash":"17c5ea9af04112afdf76d77a487ddb9485cc8db7"},"environment":"GEN_2","url":"https://us-central1-house-points-app-e7c49.cloudfunctions.net/setLeaderboards","satisfiesPzi":true},"stages":[{"name":"BUILD","message":"Build finished","state":"COMPLETE","resource":"projects/495897903470/locations/us-central1/builds/084a52a8-2dfd-4075-87f0-fb104f76246e","resourceUri":"https://console.cloud.google.com/cloud-build/builds;region=us-central1/084a52a8-2dfd-4075-87f0-fb104f76246e?project=495897903470"},{"name":"SERVICE","message":"Updating Cloud Run service","state":"COMPLETE","resource":"projects/house-points-app-e7c49/locations/us-central1/services/setleaderboards","resourceUri":"https://console.cloud.google.com/run/detail/us-central1/setleaderboards?project=house-points-app-e7c49","stateMessages":[{"severity":"INFO","type":"CloudRunServiceNewRevisionTrafficInfo","message":"A new revision will be deployed serving with 100% traffic."}]}],"sourceToken":"Cldwcm9qZWN0cy80OTU4OTc5MDM0NzAvbG9jYXRpb25zL3VzLWNlbnRyYWwxL2J1aWxkcy8wODRhNTJhOC0yZGZkLTQwNzUtODdmMC1mYjEwNGY3NjI0NmUSgwF1cy1jZW50cmFsMS1kb2NrZXIucGtnLmRldi9ob3VzZS1wb2ludHMtYXBwLWU3YzQ5L2djZi1hcnRpZmFjdHMvaG91c2UtLXBvaW50cy0tYXBwLS1lN2M0OV9fdXMtLWNlbnRyYWwxX19zZXRfbGVhZGVyYm9hcmRzOnZlcnNpb25fMRjugsautw4iT3Byb2plY3RzL2hvdXNlLXBvaW50cy1hcHAtZTdjNDkvbG9jYXRpb25zL3VzLWNlbnRyYWwxL2Z1bmN0aW9ucy9zZXRMZWFkZXJib2FyZHMqCwi6kZO9BhDA9to9Mghub2RlanMyMjp2CiNnY3IuaW8vZ2FlLXJ1bnRpbWVzL25vZGVqczIyOnN0YWJsZRJPdXMtY2VudHJhbDEtZG9ja2VyLnBrZy5kZXYvc2VydmVybGVzcy1ydW50aW1lcy9nb29nbGUtMjItZnVsbC9ydW50aW1lcy9ub2RlanMyMkAB","operationType":"UPDATE_FUNCTION","buildName":"projects/495897903470/locations/us-central1/builds/084a52a8-2dfd-4075-87f0-fb104f76246e"},"done":true,"response":{"@type":"type.googleapis.com/google.cloud.functions.v2.Function","name":"projects/house-points-app-e7c49/locations/us-central1/functions/setLeaderboards","buildConfig":{"build":"projects/495897903470/locations/us-central1/builds/084a52a8-2dfd-4075-87f0-fb104f76246e","runtime":"nodejs22","entryPoint":"setLeaderboards","source":{"storageSource":{"bucket":"gcf-v2-sources-495897903470-us-central1","object":"setLeaderboards/function-source.zip","generation":"1738852480689773"}},"environmentVariables":{"GOOGLE_NODE_RUN_SCRIPTS":""},"dockerRepository":"projects/house-points-app-e7c49/locations/us-central1/repositories/gcf-artifacts","sourceProvenance":{"resolvedStorageSource":{"bucket":"gcf-v2-sources-495897903470-us-central1","object":"setLeaderboards/function-source.zip","generation":"1738852480689773"}},"dockerRegistry":"ARTIFACT_REGISTRY","serviceAccount":"projects/house-points-app-e7c49/serviceAccounts/495897903470-compute@developer.gserviceaccount.com","automaticUpdatePolicy":{}},"serviceConfig":{"service":"projects/house-points-app-e7c49/locations/us-central1/services/setleaderboards","timeoutSeconds":60,"environmentVariables":{"FIREBASE_CONFIG":"{\"projectId\":\"house-points-app-e7c49\",\"storageBucket\":\"house-points-app-e7c49.firebasestorage.app\"}","GCLOUD_PROJECT":"house-points-app-e7c49","EVENTARC_CLOUD_EVENT_SOURCE":"projects/house-points-app-e7c49/locations/us-central1/services/setLeaderboards","FUNCTION_TARGET":"setLeaderboards","LOG_EXECUTION_ID":"true"},"maxInstanceCount":100,"ingressSettings":"ALLOW_ALL","uri":"https://setleaderboards-obtxzasrxq-uc.a.run.app","serviceAccountEmail":"495897903470-compute@developer.gserviceaccount.com","availableMemory":"256Mi","allTrafficOnLatestRevision":true,"revision":"setleaderboards-00010-kon","maxInstanceRequestConcurrency":80,"availableCpu":"1"},"state":"ACTIVE","updateTime":"2025-02-06T14:34:40.752892442Z","labels":{"deployment-tool":"cli-firebase","deployment-scheduled":"true","firebase-functions-hash":"17c5ea9af04112afdf76d77a487ddb9485cc8db7"},"environment":"GEN_2","url":"https://us-central1-house-points-app-e7c49.cloudfunctions.net/setLeaderboards","createTime":"2025-02-05T17:52:13.286013260Z","satisfiesPzi":true}}
[debug] [2025-02-06T14:35:48.554Z] Got source token Cldwcm9qZWN0cy80OTU4OTc5MDM0NzAvbG9jYXRpb25zL3VzLWNlbnRyYWwxL2J1aWxkcy8wODRhNTJhOC0yZGZkLTQwNzUtODdmMC1mYjEwNGY3NjI0NmUSgwF1cy1jZW50cmFsMS1kb2NrZXIucGtnLmRldi9ob3VzZS1wb2ludHMtYXBwLWU3YzQ5L2djZi1hcnRpZmFjdHMvaG91c2UtLXBvaW50cy0tYXBwLS1lN2M0OV9fdXMtLWNlbnRyYWwxX19zZXRfbGVhZGVyYm9hcmRzOnZlcnNpb25fMRjugsautw4iT3Byb2plY3RzL2hvdXNlLXBvaW50cy1hcHAtZTdjNDkvbG9jYXRpb25zL3VzLWNlbnRyYWwxL2Z1bmN0aW9ucy9zZXRMZWFkZXJib2FyZHMqCwi6kZO9BhDA9to9Mghub2RlanMyMjp2CiNnY3IuaW8vZ2FlLXJ1bnRpbWVzL25vZGVqczIyOnN0YWJsZRJPdXMtY2VudHJhbDEtZG9ja2VyLnBrZy5kZXYvc2VydmVybGVzcy1ydW50aW1lcy9nb29nbGUtMjItZnVsbC9ydW50aW1lcy9ub2RlanMyMkAB for region us-central1
[debug] [2025-02-06T14:35:48.557Z] Checked if tokens are valid: true, expires at: 1738854473328
[debug] [2025-02-06T14:35:48.557Z] Checked if tokens are valid: true, expires at: 1738854473328
[debug] [2025-02-06T14:35:48.557Z] >>> [apiv2][query] GET https://run.googleapis.com/v1/projects/house-points-app-e7c49/locations/us-central1/services/setleaderboards:getIamPolicy [none]
[debug] [2025-02-06T14:35:48.919Z] <<< [apiv2][status] GET https://run.googleapis.com/v1/projects/house-points-app-e7c49/locations/us-central1/services/setleaderboards:getIamPolicy 200
[debug] [2025-02-06T14:35:48.920Z] <<< [apiv2][body] GET https://run.googleapis.com/v1/projects/house-points-app-e7c49/locations/us-central1/services/setleaderboards:getIamPolicy {"etag":"ACAB"}
[debug] [2025-02-06T14:35:48.921Z] Checked if tokens are valid: true, expires at: 1738854473328
[debug] [2025-02-06T14:35:48.921Z] Checked if tokens are valid: true, expires at: 1738854473328
[debug] [2025-02-06T14:35:48.921Z] >>> [apiv2][query] POST https://run.googleapis.com/v1/projects/house-points-app-e7c49/locations/us-central1/services/setleaderboards:setIamPolicy [none]
[debug] [2025-02-06T14:35:48.921Z] >>> [apiv2][body] POST https://run.googleapis.com/v1/projects/house-points-app-e7c49/locations/us-central1/services/setleaderboards:setIamPolicy {"policy":{"bindings":[{"role":"roles/run.invoker","members":["serviceAccount:495897903470-compute@developer.gserviceaccount.com"]}],"etag":"ACAB","version":3},"updateMask":"bindings,etag,version"}
[debug] [2025-02-06T14:35:49.233Z] <<< [apiv2][status] POST https://run.googleapis.com/v1/projects/house-points-app-e7c49/locations/us-central1/services/setleaderboards:setIamPolicy 403
[debug] [2025-02-06T14:35:49.233Z] <<< [apiv2][body] POST https://run.googleapis.com/v1/projects/house-points-app-e7c49/locations/us-central1/services/setleaderboards:setIamPolicy {"error":{"code":403,"message":"Permission 'run.services.setIamPolicy' denied on resource 'projects/house-points-app-e7c49/locations/us-central1/services/setleaderboards' (or resource may not exist).","status":"PERMISSION_DENIED"}}
[error] Failed to set the IAM Policy on the Service projects/house-points-app-e7c49/locations/us-central1/services/setleaderboards
[debug] [2025-02-06T14:35:49.246Z] Total Function Deployment time: 69635
[debug] [2025-02-06T14:35:49.246Z] 1 Functions Deployed
[debug] [2025-02-06T14:35:49.246Z] 1 Functions Errored
[debug] [2025-02-06T14:35:49.246Z] 0 Function Deployments Aborted
[debug] [2025-02-06T14:35:49.246Z] Average Function Deployment time: 69634
[info] 
[info] Functions deploy had errors with the following functions:
	setLeaderboards(us-central1)
[info] 
[info] Unable to set the invoker for the IAM policy on the following functions:
	setLeaderboards(us-central1)
[info] 
[info] Some common causes of this:
[info] 
[info] - You may not have the roles/functions.admin IAM role. Note that roles/functions.developer does not allow you to change IAM policies.
[info] 
[info] - An organization policy that restricts Network Access on your project.
[info] i  functions: cleaning up build files... 
[debug] [2025-02-06T14:35:49.319Z] Checked if tokens are valid: true, expires at: 1738854473328
[debug] [2025-02-06T14:35:49.319Z] Checked if tokens are valid: true, expires at: 1738854473328
[debug] [2025-02-06T14:35:49.321Z] Checked if tokens are valid: true, expires at: 1738854473328
[debug] [2025-02-06T14:35:49.321Z] Checked if tokens are valid: true, expires at: 1738854473328
[debug] [2025-02-06T14:35:49.322Z] >>> [apiv2][query] DELETE https://artifactregistry.googleapis.com/v1beta2/projects/house-points-app-e7c49/locations/us-central1/repositories/gcf-artifacts/packages/set_leaderboards [none]
[debug] [2025-02-06T14:35:49.323Z] >>> [apiv2][query] GET https://us.gcr.io/v2/house-points-app-e7c49/gcf/us-central1/tags/list [none]
[debug] [2025-02-06T14:35:49.509Z] <<< [apiv2][status] GET https://us.gcr.io/v2/house-points-app-e7c49/gcf/us-central1/tags/list 404
[debug] [2025-02-06T14:35:49.510Z] <<< [apiv2][body] GET https://us.gcr.io/v2/house-points-app-e7c49/gcf/us-central1/tags/list {"errors":[{"code":"NAME_UNKNOWN","message":"Repository \"us.gcr.io\" not found"}]}
[debug] [2025-02-06T14:35:49.510Z] Failed docker command with error  Request to https://us.gcr.io/v2/house-points-app-e7c49/gcf/us-central1/tags/list had HTTP Error: 404, Not Found {"name":"FirebaseError","children":[],"context":{"body":{"errors":[{"code":"NAME_UNKNOWN","message":"Repository \"us.gcr.io\" not found"}],"error":{"message":"Not Found"}},"response":{"statusCode":404}},"exit":1,"message":"Request to https://us.gcr.io/v2/house-points-app-e7c49/gcf/us-central1/tags/list had HTTP Error: 404, Not Found","status":404}
[debug] [2025-02-06T14:35:49.512Z] Checked if tokens are valid: true, expires at: 1738854473328
[debug] [2025-02-06T14:35:49.512Z] Checked if tokens are valid: true, expires at: 1738854473328
[debug] [2025-02-06T14:35:49.512Z] >>> [apiv2][query] GET https://us.gcr.io/v2/house-points-app-e7c49/gcf/us-central1/tags/list [none]
[debug] [2025-02-06T14:35:49.560Z] <<< [apiv2][status] DELETE https://artifactregistry.googleapis.com/v1beta2/projects/house-points-app-e7c49/locations/us-central1/repositories/gcf-artifacts/packages/set_leaderboards 404
[debug] [2025-02-06T14:35:49.560Z] <<< [apiv2][body] DELETE https://artifactregistry.googleapis.com/v1beta2/projects/house-points-app-e7c49/locations/us-central1/repositories/gcf-artifacts/packages/set_leaderboards {"error":{"code":404,"message":"Package \"projects/house-points-app-e7c49/locations/us-central1/repositories/gcf-artifacts/packages/set_leaderboards\" was not found.","status":"NOT_FOUND"}}
[debug] [2025-02-06T14:35:49.645Z] <<< [apiv2][status] GET https://us.gcr.io/v2/house-points-app-e7c49/gcf/us-central1/tags/list 404
[debug] [2025-02-06T14:35:49.645Z] <<< [apiv2][body] GET https://us.gcr.io/v2/house-points-app-e7c49/gcf/us-central1/tags/list {"errors":[{"code":"NAME_UNKNOWN","message":"Repository \"us.gcr.io\" not found"}]}
[debug] [2025-02-06T14:35:49.646Z] Failed docker command with error  Request to https://us.gcr.io/v2/house-points-app-e7c49/gcf/us-central1/tags/list had HTTP Error: 404, Not Found {"name":"FirebaseError","children":[],"context":{"body":{"errors":[{"code":"NAME_UNKNOWN","message":"Repository \"us.gcr.io\" not found"}],"error":{"message":"Not Found"}},"response":{"statusCode":404}},"exit":1,"message":"Request to https://us.gcr.io/v2/house-points-app-e7c49/gcf/us-central1/tags/list had HTTP Error: 404, Not Found","status":404}
[debug] [2025-02-06T14:35:49.748Z] Checked if tokens are valid: true, expires at: 1738854473328
[debug] [2025-02-06T14:35:49.748Z] Checked if tokens are valid: true, expires at: 1738854473328
[debug] [2025-02-06T14:35:49.749Z] >>> [apiv2][query] GET https://us.gcr.io/v2/house-points-app-e7c49/gcf/us-central1/tags/list [none]
[debug] [2025-02-06T14:35:49.894Z] <<< [apiv2][status] GET https://us.gcr.io/v2/house-points-app-e7c49/gcf/us-central1/tags/list 404
[debug] [2025-02-06T14:35:49.894Z] <<< [apiv2][body] GET https://us.gcr.io/v2/house-points-app-e7c49/gcf/us-central1/tags/list {"errors":[{"code":"NAME_UNKNOWN","message":"Repository \"us.gcr.io\" not found"}]}
[debug] [2025-02-06T14:35:49.895Z] Failed docker command with error  Request to https://us.gcr.io/v2/house-points-app-e7c49/gcf/us-central1/tags/list had HTTP Error: 404, Not Found {"name":"FirebaseError","children":[],"context":{"body":{"errors":[{"code":"NAME_UNKNOWN","message":"Repository \"us.gcr.io\" not found"}],"error":{"message":"Not Found"}},"response":{"statusCode":404}},"exit":1,"message":"Request to https://us.gcr.io/v2/house-points-app-e7c49/gcf/us-central1/tags/list had HTTP Error: 404, Not Found","status":404}
[warn] ⚠  functions: Unhandled error cleaning up build images. This could result in a small monthly bill if not corrected. You can attempt to delete these images by redeploying or you can delete them manually at https://console.cloud.google.com/gcr/images/house-points-app-e7c49/us/gcf 
[debug] [2025-02-06T14:35:49.896Z] Functions deploy failed.
[debug] [2025-02-06T14:35:49.896Z] {
  "endpoint": {
    "id": "setLeaderboards",
    "project": "house-points-app-e7c49",
    "region": "us-central1",
    "entryPoint": "setLeaderboards",
    "platform": "gcfv2",
    "runtime": "nodejs22",
    "scheduleTrigger": {
      "schedule": "every sunday 23:59",
      "timeZone": null,
      "retryConfig": {
        "maxBackoffSeconds": null,
        "minBackoffSeconds": null,
        "maxRetrySeconds": null,
        "retryCount": null,
        "maxDoublings": null
      }
    },
    "labels": {
      "deployment-tool": "cli-firebase"
    },
    "ingressSettings": null,
    "availableMemoryMb": null,
    "serviceAccount": null,
    "timeoutSeconds": null,
    "maxInstances": null,
    "minInstances": null,
    "concurrency": 80,
    "vpc": null,
    "environmentVariables": {
      "FIREBASE_CONFIG": "{\"projectId\":\"house-points-app-e7c49\",\"storageBucket\":\"house-points-app-e7c49.firebasestorage.app\"}",
      "GCLOUD_PROJECT": "house-points-app-e7c49",
      "EVENTARC_CLOUD_EVENT_SOURCE": "projects/house-points-app-e7c49/locations/us-central1/services/setLeaderboards",
      "FUNCTION_TARGET": "setLeaderboards",
      "LOG_EXECUTION_ID": "true"
    },
    "codebase": "default",
    "runServiceId": "setleaderboards",
    "cpu": 1,
    "securityLevel": "SECURE_ALWAYS",
    "targetedByOnly": false,
    "hash": "17c5ea9af04112afdf76d77a487ddb9485cc8db7",
    "uri": "https://setleaderboards-obtxzasrxq-uc.a.run.app"
  },
  "op": "set invoker",
  "original": {
    "name": "FirebaseError",
    "children": [],
    "exit": 1,
    "message": "Failed to set the IAM Policy on the Service projects/house-points-app-e7c49/locations/us-central1/services/setleaderboards",
    "original": {
      "name": "FirebaseError",
      "children": [],
      "context": {
        "body": {
          "error": {
            "code": 403,
            "message": "Permission 'run.services.setIamPolicy' denied on resource 'projects/house-points-app-e7c49/locations/us-central1/services/setleaderboards' (or resource may not exist).",
            "status": "PERMISSION_DENIED"
          }
        },
        "response": {
          "statusCode": 403
        }
      },
      "exit": 1,
      "message": "Request to https://run.googleapis.com/v1/projects/house-points-app-e7c49/locations/us-central1/services/setleaderboards:setIamPolicy had HTTP Error: 403, Permission 'run.services.setIamPolicy' denied on resource 'projects/house-points-app-e7c49/locations/us-central1/services/setleaderboards' (or resource may not exist).",
      "status": 403
    },
    "status": 403,
    "code": 403
  }
}
[debug] [2025-02-06T14:35:49.921Z] Error: Failed to set invoker function setLeaderboards in region us-central1
    at /Users/samzack/.nvm/versions/node/v23.4.0/lib/node_modules/firebase-tools/lib/deploy/functions/release/fabricator.js:52:11
    at process.processTicksAndRejections (node:internal/process/task_queues:105:5)
    at async Fabricator.updateV2Function (/Users/samzack/.nvm/versions/node/v23.4.0/lib/node_modules/firebase-tools/lib/deploy/functions/release/fabricator.js:426:13)
    at async Fabricator.updateEndpoint (/Users/samzack/.nvm/versions/node/v23.4.0/lib/node_modules/firebase-tools/lib/deploy/functions/release/fabricator.js:155:13)
    at async handle (/Users/samzack/.nvm/versions/node/v23.4.0/lib/node_modules/firebase-tools/lib/deploy/functions/release/fabricator.js:89:17)
[error] 
[error] Error: There was an error deploying functions
