[debug] [2025-09-17T03:03:04.576Z] ----------------------------------------------------------------------
[debug] [2025-09-17T03:03:04.585Z] Command:       /usr/local/bin/firebase /Users/bschott/.cache/firebase/tools/lib/node_modules/firebase-tools/lib/bin/firebase init
[debug] [2025-09-17T03:03:04.586Z] CLI Version:   14.16.0
[debug] [2025-09-17T03:03:04.586Z] Platform:      darwin
[debug] [2025-09-17T03:03:04.586Z] Node Version:  v20.18.2
[debug] [2025-09-17T03:03:04.586Z] Time:          Tue Sep 16 2025 23:03:04 GMT-0400 (Eastern Daylight Time)
[debug] [2025-09-17T03:03:04.586Z] ----------------------------------------------------------------------
[debug] 
[debug] [2025-09-17T03:03:04.787Z] > command requires scopes: ["email","openid","https://www.googleapis.com/auth/cloudplatformprojects.readonly","https://www.googleapis.com/auth/firebase","https://www.googleapis.com/auth/cloud-platform"]
[debug] [2025-09-17T03:03:04.791Z] > authorizing via signed-in user (brilovescoding@gmail.com)
[info] 
     ######## #### ########  ######## ########     ###     ######  ########
     ##        ##  ##     ## ##       ##     ##  ##   ##  ##       ##
     ######    ##  ########  ######   ########  #########  ######  ######
     ##        ##  ##    ##  ##       ##     ## ##     ##       ## ##
     ##       #### ##     ## ######## ########  ##     ##  ######  ########

You're about to initialize a Firebase project in this directory:

  /Users/bschott/code/house-points-app

Before we get started, keep in mind:

  * You are initializing within an existing Firebase project directory

[info] 
=== Project Setup
[info] 
[info] First, let's associate this project directory with a Firebase project.
[info] You can create multiple project aliases by running firebase use --add, 
[info] but for now we'll just set up a default project.
[info] 
[debug] [2025-09-17T03:03:21.637Z] Using project from CLI flag: house-points-app-e7c49
[debug] [2025-09-17T03:03:21.640Z] Checked if tokens are valid: true, expires at: 1758081774669
[debug] [2025-09-17T03:03:21.640Z] Checked if tokens are valid: true, expires at: 1758081774669
[debug] [2025-09-17T03:03:21.642Z] >>> [apiv2][query] GET https://firebase.googleapis.com/v1beta1/projects/house-points-app-e7c49 [none]
[debug] [2025-09-17T03:03:21.964Z] <<< [apiv2][status] GET https://firebase.googleapis.com/v1beta1/projects/house-points-app-e7c49 200
[debug] [2025-09-17T03:03:21.965Z] <<< [apiv2][body] GET https://firebase.googleapis.com/v1beta1/projects/house-points-app-e7c49 {"projectId":"house-points-app-e7c49","projectNumber":"495897903470","displayName":"house-points-app","name":"projects/house-points-app-e7c49","resources":{"hostingSite":"house-points-app-e7c49"},"state":"ACTIVE","etag":"1_9275b287-8859-4113-b396-20853137262d"}
[info] i  Using project house-points-app-e7c49 (house-points-app) 
[info] 
=== App Hosting Setup
[debug] [2025-09-17T03:03:21.976Z] Checked if tokens are valid: true, expires at: 1758081774669
[debug] [2025-09-17T03:03:21.976Z] Checked if tokens are valid: true, expires at: 1758081774669
[debug] [2025-09-17T03:03:21.976Z] >>> [apiv2][query] GET https://cloudbilling.googleapis.com/v1/projects/house-points-app-e7c49/billingInfo [none]
[debug] [2025-09-17T03:03:22.173Z] <<< [apiv2][status] GET https://cloudbilling.googleapis.com/v1/projects/house-points-app-e7c49/billingInfo 200
[debug] [2025-09-17T03:03:22.174Z] <<< [apiv2][body] GET https://cloudbilling.googleapis.com/v1/projects/house-points-app-e7c49/billingInfo {"name":"projects/house-points-app-e7c49/billingInfo","projectId":"house-points-app-e7c49","billingAccountName":"billingAccounts/013ED0-44AD72-7FCE76","billingEnabled":true}
[debug] [2025-09-17T03:03:22.175Z] Checked if tokens are valid: true, expires at: 1758081774669
[debug] [2025-09-17T03:03:22.176Z] Checked if tokens are valid: true, expires at: 1758081774669
[debug] [2025-09-17T03:03:22.176Z] >>> [apiv2][query] GET https://serviceusage.googleapis.com/v1/projects/house-points-app-e7c49/services/firebaseapphosting.googleapis.com [none]
[debug] [2025-09-17T03:03:22.176Z] >>> [apiv2][(partial)header] GET https://serviceusage.googleapis.com/v1/projects/house-points-app-e7c49/services/firebaseapphosting.googleapis.com x-goog-quota-user=projects/house-points-app-e7c49
[debug] [2025-09-17T03:03:22.649Z] <<< [apiv2][status] GET https://serviceusage.googleapis.com/v1/projects/house-points-app-e7c49/services/firebaseapphosting.googleapis.com 200
[debug] [2025-09-17T03:03:22.650Z] <<< [apiv2][body] GET https://serviceusage.googleapis.com/v1/projects/house-points-app-e7c49/services/firebaseapphosting.googleapis.com [omitted]
[debug] [2025-09-17T03:03:22.651Z] Checked if tokens are valid: true, expires at: 1758081774669
[debug] [2025-09-17T03:03:22.652Z] Checked if tokens are valid: true, expires at: 1758081774669
[debug] [2025-09-17T03:03:22.652Z] >>> [apiv2][query] POST https://serviceusage.googleapis.com/v1/projects/house-points-app-e7c49/services/firebaseapphosting.googleapis.com:enable [none]
[debug] [2025-09-17T03:03:22.652Z] >>> [apiv2][(partial)header] POST https://serviceusage.googleapis.com/v1/projects/house-points-app-e7c49/services/firebaseapphosting.googleapis.com:enable x-goog-quota-user=projects/house-points-app-e7c49
[debug] [2025-09-17T03:03:23.408Z] <<< [apiv2][status] POST https://serviceusage.googleapis.com/v1/projects/house-points-app-e7c49/services/firebaseapphosting.googleapis.com:enable 200
[debug] [2025-09-17T03:03:23.408Z] <<< [apiv2][body] POST https://serviceusage.googleapis.com/v1/projects/house-points-app-e7c49/services/firebaseapphosting.googleapis.com:enable [omitted]
[debug] [2025-09-17T03:03:33.418Z] Checked if tokens are valid: true, expires at: 1758081774669
[debug] [2025-09-17T03:03:33.418Z] Checked if tokens are valid: true, expires at: 1758081774669
[debug] [2025-09-17T03:03:33.419Z] Checked if tokens are valid: true, expires at: 1758081774669
[debug] [2025-09-17T03:03:33.419Z] Checked if tokens are valid: true, expires at: 1758081774669
[debug] [2025-09-17T03:03:33.420Z] Checked if tokens are valid: true, expires at: 1758081774669
[debug] [2025-09-17T03:03:33.420Z] Checked if tokens are valid: true, expires at: 1758081774669
[debug] [2025-09-17T03:03:33.420Z] Checked if tokens are valid: true, expires at: 1758081774669
[debug] [2025-09-17T03:03:33.420Z] Checked if tokens are valid: true, expires at: 1758081774669
[debug] [2025-09-17T03:03:33.422Z] >>> [apiv2][query] GET https://serviceusage.googleapis.com/v1/projects/house-points-app-e7c49/services/developerconnect.googleapis.com [none]
[debug] [2025-09-17T03:03:33.422Z] >>> [apiv2][(partial)header] GET https://serviceusage.googleapis.com/v1/projects/house-points-app-e7c49/services/developerconnect.googleapis.com x-goog-quota-user=projects/house-points-app-e7c49
[debug] [2025-09-17T03:03:33.432Z] >>> [apiv2][query] GET https://serviceusage.googleapis.com/v1/projects/house-points-app-e7c49/services/secretmanager.googleapis.com [none]
[debug] [2025-09-17T03:03:33.432Z] >>> [apiv2][(partial)header] GET https://serviceusage.googleapis.com/v1/projects/house-points-app-e7c49/services/secretmanager.googleapis.com x-goog-quota-user=projects/house-points-app-e7c49
[debug] [2025-09-17T03:03:33.434Z] >>> [apiv2][query] GET https://serviceusage.googleapis.com/v1/projects/house-points-app-e7c49/services/run.googleapis.com [none]
[debug] [2025-09-17T03:03:33.434Z] >>> [apiv2][(partial)header] GET https://serviceusage.googleapis.com/v1/projects/house-points-app-e7c49/services/run.googleapis.com x-goog-quota-user=projects/house-points-app-e7c49
[debug] [2025-09-17T03:03:33.436Z] >>> [apiv2][query] GET https://serviceusage.googleapis.com/v1/projects/house-points-app-e7c49/services/iam.googleapis.com [none]
[debug] [2025-09-17T03:03:33.436Z] >>> [apiv2][(partial)header] GET https://serviceusage.googleapis.com/v1/projects/house-points-app-e7c49/services/iam.googleapis.com x-goog-quota-user=projects/house-points-app-e7c49
[debug] [2025-09-17T03:03:33.772Z] <<< [apiv2][status] GET https://serviceusage.googleapis.com/v1/projects/house-points-app-e7c49/services/secretmanager.googleapis.com 200
[debug] [2025-09-17T03:03:33.773Z] <<< [apiv2][body] GET https://serviceusage.googleapis.com/v1/projects/house-points-app-e7c49/services/secretmanager.googleapis.com [omitted]
[debug] [2025-09-17T03:03:33.787Z] <<< [apiv2][status] GET https://serviceusage.googleapis.com/v1/projects/house-points-app-e7c49/services/iam.googleapis.com 200
[debug] [2025-09-17T03:03:33.787Z] <<< [apiv2][body] GET https://serviceusage.googleapis.com/v1/projects/house-points-app-e7c49/services/iam.googleapis.com [omitted]
[debug] [2025-09-17T03:03:33.793Z] <<< [apiv2][status] GET https://serviceusage.googleapis.com/v1/projects/house-points-app-e7c49/services/developerconnect.googleapis.com 200
[debug] [2025-09-17T03:03:33.793Z] <<< [apiv2][body] GET https://serviceusage.googleapis.com/v1/projects/house-points-app-e7c49/services/developerconnect.googleapis.com [omitted]
[debug] [2025-09-17T03:03:33.793Z] Checked if tokens are valid: true, expires at: 1758081774669
[debug] [2025-09-17T03:03:33.793Z] Checked if tokens are valid: true, expires at: 1758081774669
[debug] [2025-09-17T03:03:33.793Z] >>> [apiv2][query] POST https://serviceusage.googleapis.com/v1/projects/house-points-app-e7c49/services/developerconnect.googleapis.com:enable [none]
[debug] [2025-09-17T03:03:33.793Z] >>> [apiv2][(partial)header] POST https://serviceusage.googleapis.com/v1/projects/house-points-app-e7c49/services/developerconnect.googleapis.com:enable x-goog-quota-user=projects/house-points-app-e7c49
[debug] [2025-09-17T03:03:33.828Z] <<< [apiv2][status] GET https://serviceusage.googleapis.com/v1/projects/house-points-app-e7c49/services/run.googleapis.com 200
[debug] [2025-09-17T03:03:33.828Z] <<< [apiv2][body] GET https://serviceusage.googleapis.com/v1/projects/house-points-app-e7c49/services/run.googleapis.com [omitted]
[debug] [2025-09-17T03:03:34.394Z] <<< [apiv2][status] POST https://serviceusage.googleapis.com/v1/projects/house-points-app-e7c49/services/developerconnect.googleapis.com:enable 200
[debug] [2025-09-17T03:03:34.394Z] <<< [apiv2][body] POST https://serviceusage.googleapis.com/v1/projects/house-points-app-e7c49/services/developerconnect.googleapis.com:enable [omitted]
[debug] [2025-09-17T03:03:44.404Z] Checked if tokens are valid: true, expires at: 1758081774669
[debug] [2025-09-17T03:03:44.404Z] Checked if tokens are valid: true, expires at: 1758081774669
[debug] [2025-09-17T03:03:44.405Z] >>> [apiv2][query] POST https://iam.googleapis.com/v1/projects/house-points-app-e7c49/serviceAccounts/firebase-app-hosting-compute@house-points-app-e7c49.iam.gserviceaccount.com:testIamPermissions [none]
[debug] [2025-09-17T03:03:44.405Z] >>> [apiv2][(partial)header] POST https://iam.googleapis.com/v1/projects/house-points-app-e7c49/serviceAccounts/firebase-app-hosting-compute@house-points-app-e7c49.iam.gserviceaccount.com:testIamPermissions x-goog-quota-user=projects/house-points-app-e7c49
[debug] [2025-09-17T03:03:44.405Z] >>> [apiv2][body] POST https://iam.googleapis.com/v1/projects/house-points-app-e7c49/serviceAccounts/firebase-app-hosting-compute@house-points-app-e7c49.iam.gserviceaccount.com:testIamPermissions {"permissions":["iam.serviceAccounts.actAs"]}
[debug] [2025-09-17T03:03:44.683Z] <<< [apiv2][status] POST https://iam.googleapis.com/v1/projects/house-points-app-e7c49/serviceAccounts/firebase-app-hosting-compute@house-points-app-e7c49.iam.gserviceaccount.com:testIamPermissions 404
[debug] [2025-09-17T03:03:44.684Z] <<< [apiv2][body] POST https://iam.googleapis.com/v1/projects/house-points-app-e7c49/serviceAccounts/firebase-app-hosting-compute@house-points-app-e7c49.iam.gserviceaccount.com:testIamPermissions {"error":{"code":404,"message":"Unknown service account","status":"NOT_FOUND"}}
[debug] [2025-09-17T03:03:44.687Z] Checked if tokens are valid: true, expires at: 1758081774669
[debug] [2025-09-17T03:03:44.687Z] Checked if tokens are valid: true, expires at: 1758081774669
[debug] [2025-09-17T03:03:44.690Z] >>> [apiv2][query] POST https://iam.googleapis.com/v1/projects/house-points-app-e7c49/serviceAccounts [none]
[debug] [2025-09-17T03:03:44.690Z] >>> [apiv2][body] POST https://iam.googleapis.com/v1/projects/house-points-app-e7c49/serviceAccounts {"accountId":"firebase-app-hosting-compute","serviceAccount":{"displayName":"Firebase App Hosting compute service account","description":"Default service account used to run builds and deploys for Firebase App Hosting"}}
[debug] [2025-09-17T03:03:45.282Z] <<< [apiv2][status] POST https://iam.googleapis.com/v1/projects/house-points-app-e7c49/serviceAccounts 200
[debug] [2025-09-17T03:03:45.282Z] <<< [apiv2][body] POST https://iam.googleapis.com/v1/projects/house-points-app-e7c49/serviceAccounts [omitted]
[debug] [2025-09-17T03:03:45.284Z] Checked if tokens are valid: true, expires at: 1758081774669
[debug] [2025-09-17T03:03:45.284Z] Checked if tokens are valid: true, expires at: 1758081774669
[debug] [2025-09-17T03:03:45.284Z] >>> [apiv2][query] POST https://cloudresourcemanager.googleapis.com/v1/projects/house-points-app-e7c49:getIamPolicy [none]
[debug] [2025-09-17T03:03:45.571Z] <<< [apiv2][status] POST https://cloudresourcemanager.googleapis.com/v1/projects/house-points-app-e7c49:getIamPolicy 200
[debug] [2025-09-17T03:03:45.571Z] <<< [apiv2][body] POST https://cloudresourcemanager.googleapis.com/v1/projects/house-points-app-e7c49:getIamPolicy {"version":1,"etag":"BwY+jNxgtsE=","bindings":[{"role":"roles/artifactregistry.serviceAgent","members":["serviceAccount:service-495897903470@gcp-sa-artifactregistry.iam.gserviceaccount.com"]},{"role":"roles/cloudbuild.builds.builder","members":["serviceAccount:495897903470@cloudbuild.gserviceaccount.com"]},{"role":"roles/cloudbuild.serviceAgent","members":["serviceAccount:service-495897903470@gcp-sa-cloudbuild.iam.gserviceaccount.com"]},{"role":"roles/cloudfunctions.admin","members":["serviceAccount:firebase-adminsdk-pmmts@house-points-app-e7c49.iam.gserviceaccount.com"]},{"role":"roles/cloudfunctions.invoker","members":["serviceAccount:495897903470-compute@developer.gserviceaccount.com"]},{"role":"roles/cloudfunctions.serviceAgent","members":["serviceAccount:service-495897903470@gcf-admin-robot.iam.gserviceaccount.com"]},{"role":"roles/cloudscheduler.serviceAgent","members":["serviceAccount:service-495897903470@gcp-sa-cloudscheduler.iam.gserviceaccount.com"]},{"role":"roles/containerregistry.ServiceAgent","members":["serviceAccount:service-495897903470@containerregistry.iam.gserviceaccount.com"]},{"role":"roles/editor","members":["serviceAccount:495897903470-compute@developer.gserviceaccount.com","serviceAccount:495897903470@cloudservices.gserviceaccount.com","serviceAccount:house-points-app-e7c49@appspot.gserviceaccount.com"]},{"role":"roles/firebase.managementServiceAgent","members":["serviceAccount:firebase-service-account@firebase-sa-management.iam.gserviceaccount.com","serviceAccount:service-495897903470@gcp-sa-firebase.iam.gserviceaccount.com"]},{"role":"roles/firebase.sdkAdminServiceAgent","members":["serviceAccount:firebase-adminsdk-pmmts@house-points-app-e7c49.iam.gserviceaccount.com"]},{"role":"roles/firebaseauth.admin","members":["serviceAccount:firebase-adminsdk-pmmts@house-points-app-e7c49.iam.gserviceaccount.com"]},{"role":"roles/firebasemods.serviceAgent","members":["serviceAccount:service-495897903470@gcp-sa-firebasemods.iam.gserviceaccount.com"]},{"role":"roles/firebaserules.firestoreServiceAgent","members":["serviceAccount:service-495897903470@gcp-sa-firebasestorage.iam.gserviceaccount.com"]},{"role":"roles/firebaserules.system","members":["serviceAccount:service-495897903470@firebase-rules.iam.gserviceaccount.com"]},{"role":"roles/firebasestorage.serviceAgent","members":["serviceAccount:service-495897903470@gcp-sa-firebasestorage.iam.gserviceaccount.com"]},{"role":"roles/firestore.serviceAgent","members":["serviceAccount:service-495897903470@gcp-sa-firestore.iam.gserviceaccount.com"]},{"role":"roles/iam.serviceAccountTokenCreator","members":["serviceAccount:firebase-adminsdk-pmmts@house-points-app-e7c49.iam.gserviceaccount.com"]},{"role":"roles/owner","members":["user:brilovescoding@gmail.com","user:samtzack25@gmail.com"]},{"role":"roles/run.serviceAgent","members":["serviceAccount:service-495897903470@serverless-robot-prod.iam.gserviceaccount.com"]},{"role":"roles/storage.admin","members":["serviceAccount:firebase-adminsdk-pmmts@house-points-app-e7c49.iam.gserviceaccount.com"]},{"role":"roles/viewer","members":["user:sebastian.rosado.0327@gmail.com","user:srosado26@cgps.org"]}]}
[debug] [2025-09-17T03:03:45.572Z] Checked if tokens are valid: true, expires at: 1758081774669
[debug] [2025-09-17T03:03:45.572Z] Checked if tokens are valid: true, expires at: 1758081774669
[debug] [2025-09-17T03:03:45.573Z] >>> [apiv2][query] POST https://cloudresourcemanager.googleapis.com/v1/projects/house-points-app-e7c49:setIamPolicy [none]
[debug] [2025-09-17T03:03:45.573Z] >>> [apiv2][body] POST https://cloudresourcemanager.googleapis.com/v1/projects/house-points-app-e7c49:setIamPolicy {"policy":{"version":1,"etag":"BwY+jNxgtsE=","bindings":[{"role":"roles/artifactregistry.serviceAgent","members":["serviceAccount:service-495897903470@gcp-sa-artifactregistry.iam.gserviceaccount.com"]},{"role":"roles/cloudbuild.builds.builder","members":["serviceAccount:495897903470@cloudbuild.gserviceaccount.com"]},{"role":"roles/cloudbuild.serviceAgent","members":["serviceAccount:service-495897903470@gcp-sa-cloudbuild.iam.gserviceaccount.com"]},{"role":"roles/cloudfunctions.admin","members":["serviceAccount:firebase-adminsdk-pmmts@house-points-app-e7c49.iam.gserviceaccount.com"]},{"role":"roles/cloudfunctions.invoker","members":["serviceAccount:495897903470-compute@developer.gserviceaccount.com"]},{"role":"roles/cloudfunctions.serviceAgent","members":["serviceAccount:service-495897903470@gcf-admin-robot.iam.gserviceaccount.com"]},{"role":"roles/cloudscheduler.serviceAgent","members":["serviceAccount:service-495897903470@gcp-sa-cloudscheduler.iam.gserviceaccount.com"]},{"role":"roles/containerregistry.ServiceAgent","members":["serviceAccount:service-495897903470@containerregistry.iam.gserviceaccount.com"]},{"role":"roles/editor","members":["serviceAccount:495897903470-compute@developer.gserviceaccount.com","serviceAccount:495897903470@cloudservices.gserviceaccount.com","serviceAccount:house-points-app-e7c49@appspot.gserviceaccount.com"]},{"role":"roles/firebase.managementServiceAgent","members":["serviceAccount:firebase-service-account@firebase-sa-management.iam.gserviceaccount.com","serviceAccount:service-495897903470@gcp-sa-firebase.iam.gserviceaccount.com"]},{"role":"roles/firebase.sdkAdminServiceAgent","members":["serviceAccount:firebase-adminsdk-pmmts@house-points-app-e7c49.iam.gserviceaccount.com","serviceAccount:firebase-app-hosting-compute@house-points-app-e7c49.iam.gserviceaccount.com"]},{"role":"roles/firebaseauth.admin","members":["serviceAccount:firebase-adminsdk-pmmts@house-points-app-e7c49.iam.gserviceaccount.com"]},{"role":"roles/firebasemods.serviceAgent","members":["serviceAccount:service-495897903470@gcp-sa-firebasemods.iam.gserviceaccount.com"]},{"role":"roles/firebaserules.firestoreServiceAgent","members":["serviceAccount:service-495897903470@gcp-sa-firebasestorage.iam.gserviceaccount.com"]},{"role":"roles/firebaserules.system","members":["serviceAccount:service-495897903470@firebase-rules.iam.gserviceaccount.com"]},{"role":"roles/firebasestorage.serviceAgent","members":["serviceAccount:service-495897903470@gcp-sa-firebasestorage.iam.gserviceaccount.com"]},{"role":"roles/firestore.serviceAgent","members":["serviceAccount:service-495897903470@gcp-sa-firestore.iam.gserviceaccount.com"]},{"role":"roles/iam.serviceAccountTokenCreator","members":["serviceAccount:firebase-adminsdk-pmmts@house-points-app-e7c49.iam.gserviceaccount.com"]},{"role":"roles/owner","members":["user:brilovescoding@gmail.com","user:samtzack25@gmail.com"]},{"role":"roles/run.serviceAgent","members":["serviceAccount:service-495897903470@serverless-robot-prod.iam.gserviceaccount.com"]},{"role":"roles/storage.admin","members":["serviceAccount:firebase-adminsdk-pmmts@house-points-app-e7c49.iam.gserviceaccount.com"]},{"role":"roles/viewer","members":["user:sebastian.rosado.0327@gmail.com","user:srosado26@cgps.org"]},{"role":"roles/firebaseapphosting.computeRunner","members":["serviceAccount:firebase-app-hosting-compute@house-points-app-e7c49.iam.gserviceaccount.com"]},{"role":"roles/developerconnect.readTokenAccessor","members":["serviceAccount:firebase-app-hosting-compute@house-points-app-e7c49.iam.gserviceaccount.com"]},{"role":"roles/storage.objectViewer","members":["serviceAccount:firebase-app-hosting-compute@house-points-app-e7c49.iam.gserviceaccount.com"]}]},"updateMask":"bindings"}
[debug] [2025-09-17T03:03:46.206Z] <<< [apiv2][status] POST https://cloudresourcemanager.googleapis.com/v1/projects/house-points-app-e7c49:setIamPolicy 400
[debug] [2025-09-17T03:03:46.207Z] <<< [apiv2][body] POST https://cloudresourcemanager.googleapis.com/v1/projects/house-points-app-e7c49:setIamPolicy {"error":{"code":400,"message":"Service account firebase-app-hosting-compute@house-points-app-e7c49.iam.gserviceaccount.com does not exist.","status":"INVALID_ARGUMENT"}}
[warn] ⚠  Your App Hosting compute service account is still being provisioned in the background. If you encounter an error, please try again after a few moments. 
[info] i  This command links your local project to Firebase App Hosting. You will be able to deploy your web app with `firebase deploy` after setup. 
[debug] [2025-09-17T03:04:00.365Z] Checked if tokens are valid: true, expires at: 1758081774669
[debug] [2025-09-17T03:04:00.366Z] Checked if tokens are valid: true, expires at: 1758081774669
[debug] [2025-09-17T03:04:00.367Z] >>> [apiv2][query] GET https://firebaseapphosting.googleapis.com/v1beta/projects/house-points-app-e7c49/locations/-/backends 
[debug] [2025-09-17T03:04:00.874Z] <<< [apiv2][status] GET https://firebaseapphosting.googleapis.com/v1beta/projects/house-points-app-e7c49/locations/-/backends 200
[debug] [2025-09-17T03:04:00.874Z] <<< [apiv2][body] GET https://firebaseapphosting.googleapis.com/v1beta/projects/house-points-app-e7c49/locations/-/backends {}
[debug] [2025-09-17T03:04:51.288Z] ExitPromptError: User force closed the prompt with SIGINT
    at Interface.sigint (/Users/bschott/.cache/firebase/tools/lib/node_modules/@inquirer/core/dist/commonjs/lib/create-prompt.js:101:37)
    at Interface.emit (node:events:518:28)
    at Interface.emit (node:domain:489:12)
    at [_ttyWrite] [as _ttyWrite] (node:internal/readline/interface:1125:18)
    at ReadStream.onkeypress (node:internal/readline/interface:264:20)
    at ReadStream.emit (node:events:530:35)
    at ReadStream.emit (node:domain:489:12)
    at emitKeys (node:internal/readline/utils:371:14)
    at emitKeys.next (<anonymous>)
    at ReadStream.onData (node:internal/readline/emitKeypressEvents:64:36)
[error] 
[error] Error: An unexpected error has occurred.
